[35m[Appium][39m Welcome to Appium v1.22.3
[35m[Appium][39m Non-default server args:
[35m[Appium][39m   port: 51373
[35m[Appium][39m   tmpDir: C:\Users\rachm\AppData\Local\Temp\\Katalon\Appium\Temp1689044449200
[35m[Appium][39m   chromedriverPort: 51374
[35m[Appium][39m Deprecated server args:
[35m[Appium][39m   [31m--chromedriver-port[39m => --default-capabilities
[35m[Appium][39m Default capabilities, which will be added to each request unless overridden by desired capabilities:
[35m[Appium][39m   chromedriverPort: 51374
[35m[Appium][39m Appium REST http interface listener started on 0.0.0.0:51373
[35m[HTTP][39m [37m-->[39m [37mGET[39m [37m/wd/hub/status[39m
[35m[HTTP][39m [90m{}[39m
[debug] [35m[GENERIC][39m Calling AppiumDriver.getStatus() with args: []
[debug] [35m[GENERIC][39m Responding to client with driver.getStatus() result: {"build":{"version":"1.22.3"}}
[35m[HTTP][39m [37m<-- GET /wd/hub/status [39m[32m200[39m [90m4 ms - 68[39m
[35m[HTTP][39m [90m[39m
[35m[HTTP][39m [37m-->[39m [37mGET[39m [37m/wd/hub/status[39m
[35m[HTTP][39m [90m{}[39m
[debug] [35m[GENERIC][39m Calling AppiumDriver.getStatus() with args: []
[debug] [35m[GENERIC][39m Responding to client with driver.getStatus() result: {"build":{"version":"1.22.3"}}
[35m[HTTP][39m [37m<-- GET /wd/hub/status [39m[32m200[39m [90m1 ms - 68[39m
[35m[HTTP][39m [90m[39m
[35m[HTTP][39m [37m-->[39m [37mPOST[39m [37m/wd/hub/session[39m
[35m[HTTP][39m [90m{"desiredCapabilities":{"appActivity":".Settings","appPackage":"com.android.settings","newCommandTimeout":1800,"platformVersion":"13","automationName":"uiautomator2","autoGrantPermissions":true,"platformName":"Android","udid":"emulator-5554","deviceName":"emulator-5554 (sdk_gphone_x86_64 - Android 13)","platform":"ANDROID","systemPort":8272},"capabilities":{"firstMatch":[{"appium:appActivity":".Settings","appium:appPackage":"com.android.settings","appium:autoGrantPermissions":true,"appium:automationName":"uiautomator2","appium:deviceName":"emulator-5554 (sdk_gphone_x86_64 - Android 13)","appium:newCommandTimeout":1800,"platform":"ANDROID","platformName":"android","appium:platformVersion":"13","appium:systemPort":8272,"appium:udid":"emulator-5554"}]}}[39m
[debug] [35m[W3C][39m Calling AppiumDriver.createSession() with args: [{"appActivity":".Settings","appPackage":"com.android.settings","newCommandTimeout":1800,"platformVersion":"13","automationName":"uiautomator2","autoGrantPermissions":true,"platformName":"Android","udid":"emulator-5554","deviceName":"emulator-5554 (sdk_gphone_x86_64 - Android 13)","platform":"ANDROID","systemPort":8272},null,{"firstMatch":[{"appium:appActivity":".Settings","appium:appPackage":"com.android.settings","appium:autoGrantPermissions":true,"appium:automationName":"uiautomator2","appium:deviceName":"emulator-5554 (sdk_gphone_x86_64 - Android 13)","appium:newCommandTimeout":1800,"platform":"ANDROID","platformName":"android","appium:platformVersion":"13","appium:systemPort":8272,"appium:udid":"emulator-5554"}]}]
[debug] [35m[BaseDriver][39m Event 'newSessionRequested' logged at 1689044450789 (10:00:50 GMT+0700 (Western Indonesia Time))
[35m[BaseDriver][39m The following capabilities are not standard capabilities and should have an extension prefix:
[35m[BaseDriver][39m   platform
[35m[BaseDriver][39m   chromedriverPort
[35m[Appium][39m Appium v1.22.3 creating new AndroidUiautomator2Driver (v1.70.1) session
[debug] [35m[BaseDriver][39m W3C capabilities and MJSONWP desired capabilities were provided
[debug] [35m[BaseDriver][39m Creating session with W3C capabilities: {
[debug] [35m[BaseDriver][39m   "alwaysMatch": {
[debug] [35m[BaseDriver][39m     "appium:platform": "ANDROID",
[debug] [35m[BaseDriver][39m     "platformName": "android",
[debug] [35m[BaseDriver][39m     "appium:chromedriverPort": 51374,
[debug] [35m[BaseDriver][39m     "appium:appActivity": ".Settings",
[debug] [35m[BaseDriver][39m     "appium:appPackage": "com.android.settings",
[debug] [35m[BaseDriver][39m     "appium:autoGrantPermissions": true,
[debug] [35m[BaseDriver][39m     "appium:automationName": "uiautomator2",
[debug] [35m[BaseDriver][39m     "appium:deviceName": "emulator-5554 (sdk_gphone_x86_64 - Android 13)",
[debug] [35m[BaseDriver][39m     "appium:newCommandTimeout": 1800,
[debug] [35m[BaseDriver][39m     "appium:platformVersion": "13",
[debug] [35m[BaseDriver][39m     "appium:systemPort": 8272,
[debug] [35m[BaseDriver][39m     "appium:udid": "emulator-5554"
[debug] [35m[BaseDriver][39m   },
[debug] [35m[BaseDriver][39m   "firstMatch": [
[debug] [35m[BaseDriver][39m     {}
[debug] [35m[BaseDriver][39m   ]
[debug] [35m[BaseDriver][39m }
[35m[BaseDriver][39m The following capabilities were provided, but are not recognized by Appium:
[35m[BaseDriver][39m   platform
[35m[BaseDriver][39m Session created with session id: 4be1c57e-b7e6-45f4-a925-ff45a726869d
[35m[UiAutomator2][39m Starting 'com.android.settings' directly on the device
[35m[ADB][39m Found 2 'build-tools' folders under 'C:\Users\rachm\AppData\Local\Android\Sdk' (newest first):
[35m[ADB][39m     C:/Users/rachm/AppData/Local/Android/Sdk/build-tools/33.0.2
[35m[ADB][39m     C:/Users/rachm/AppData/Local/Android/Sdk/build-tools/30.0.3
[35m[ADB][39m Using 'adb.exe' from 'C:\Users\rachm\AppData\Local\Android\Sdk\platform-tools\adb.exe'
[debug] [35m[ADB][39m Running 'C:\Users\rachm\AppData\Local\Android\Sdk\platform-tools\adb.exe -P 5037 start-server'
[35m[AndroidDriver][39m Retrieving device list
[debug] [35m[ADB][39m Trying to find a connected android device
[debug] [35m[ADB][39m Getting connected devices
[debug] [35m[ADB][39m Connected devices: [{"udid":"emulator-5554","state":"device"}]
[35m[AndroidDriver][39m Using device: emulator-5554
[35m[ADB][39m Using 'adb.exe' from 'C:\Users\rachm\AppData\Local\Android\Sdk\platform-tools\adb.exe'
[debug] [35m[ADB][39m Running 'C:\Users\rachm\AppData\Local\Android\Sdk\platform-tools\adb.exe -P 5037 start-server'
[debug] [35m[ADB][39m Setting device id to emulator-5554
[debug] [35m[ADB][39m Running 'C:\Users\rachm\AppData\Local\Android\Sdk\platform-tools\adb.exe -P 5037 -s emulator-5554 shell getprop ro.build.version.sdk'
[debug] [35m[ADB][39m Current device property 'ro.build.version.sdk': 33
[35m[ADB][39m Getting device platform version
[debug] [35m[ADB][39m Running 'C:\Users\rachm\AppData\Local\Android\Sdk\platform-tools\adb.exe -P 5037 -s emulator-5554 shell getprop ro.build.version.release'
[debug] [35m[ADB][39m Current device property 'ro.build.version.release': 13
[debug] [35m[ADB][39m Device API level: 33
[35m[UiAutomator2][39m Relaxing hidden api policy
[debug] [35m[ADB][39m Running 'C:\Users\rachm\AppData\Local\Android\Sdk\platform-tools\adb.exe -P 5037 -s emulator-5554 shell 'settings put global hidden_api_policy_pre_p_apps 1;settings put global hidden_api_policy_p_apps 1;settings put global hidden_api_policy 1''
[35m[AndroidDriver][39m No app sent in, not parsing package/activity
[debug] [35m[ADB][39m Running 'C:\Users\rachm\AppData\Local\Android\Sdk\platform-tools\adb.exe -P 5037 -s emulator-5554 wait-for-device'
[debug] [35m[ADB][39m Running 'C:\Users\rachm\AppData\Local\Android\Sdk\platform-tools\adb.exe -P 5037 -s emulator-5554 shell echo ping'
[debug] [35m[AndroidDriver][39m Pushing settings apk to device...
[debug] [35m[ADB][39m Getting install status for io.appium.settings
[debug] [35m[ADB][39m Running 'C:\Users\rachm\AppData\Local\Android\Sdk\platform-tools\adb.exe -P 5037 -s emulator-5554 shell dumpsys package io.appium.settings'
[debug] [35m[ADB][39m 'io.appium.settings' is installed
[debug] [35m[ADB][39m Getting package info for 'io.appium.settings'
[debug] [35m[ADB][39m Running 'C:\Users\rachm\AppData\Local\Android\Sdk\platform-tools\adb.exe -P 5037 -s emulator-5554 shell dumpsys package io.appium.settings'
[debug] [35m[ADB][39m The version name of the installed 'io.appium.settings' is greater or equal to the application version name ('3.4.0' >= '3.4.0')
[debug] [35m[ADB][39m There is no need to install/upgrade 'C:\Users\rachm\AppData\Roaming\npm\node_modules\appium\node_modules\io.appium.settings\apks\settings_apk-debug.apk'
[debug] [35m[ADB][39m Getting IDs of all 'io.appium.settings' processes
[debug] [35m[ADB][39m Running 'C:\Users\rachm\AppData\Local\Android\Sdk\platform-tools\adb.exe -P 5037 -s emulator-5554 shell 'pgrep --help; echo $?''
[debug] [35m[ADB][39m Running 'C:\Users\rachm\AppData\Local\Android\Sdk\platform-tools\adb.exe -P 5037 -s emulator-5554 shell pgrep -f \(\[\[:blank:\]\]\|\^\)io\.appium\.settings\(\[\[:blank:\]\]\|\$\)'
[debug] [35m[AndroidDriver][39m io.appium.settings is already running. There is no need to reset its permissions.
[debug] [35m[Logcat][39m Starting logs capture with command: C:\\Users\\rachm\\AppData\\Local\\Android\\Sdk\\platform-tools\\adb.exe -P 5037 -s emulator-5554 logcat -v threadtime
[debug] [35m[UiAutomator2][39m Forwarding UiAutomator2 Server port 6790 to local port 8272
[debug] [35m[ADB][39m Forwarding system: 8272 to device: 6790
[debug] [35m[ADB][39m Running 'C:\Users\rachm\AppData\Local\Android\Sdk\platform-tools\adb.exe -P 5037 -s emulator-5554 forward tcp:8272 tcp:6790'
[debug] [35m[ADB][39m Getting install status for io.appium.uiautomator2.server
[debug] [35m[ADB][39m Running 'C:\Users\rachm\AppData\Local\Android\Sdk\platform-tools\adb.exe -P 5037 -s emulator-5554 shell dumpsys package io.appium.uiautomator2.server'
[debug] [35m[ADB][39m 'io.appium.uiautomator2.server' is installed
[debug] [35m[ADB][39m Getting package info for 'io.appium.uiautomator2.server'
[debug] [35m[ADB][39m Running 'C:\Users\rachm\AppData\Local\Android\Sdk\platform-tools\adb.exe -P 5037 -s emulator-5554 shell dumpsys package io.appium.uiautomator2.server'
[debug] [35m[ADB][39m The version name of the installed 'io.appium.uiautomator2.server' is greater or equal to the application version name ('4.27.0' >= '4.27.0')
[debug] [35m[UiAutomator2][39m io.appium.uiautomator2.server installation state: sameVersionInstalled
[debug] [35m[ADB][39m Checking app cert for C:\Users\rachm\AppData\Roaming\npm\node_modules\appium\node_modules\appium-uiautomator2-server\apks\appium-uiautomator2-server-v4.27.0.apk
[35m[ADB][39m Using 'apksigner.jar' from 'C:\Users\rachm\AppData\Local\Android\Sdk\build-tools\33.0.2\lib\apksigner.jar'
[debug] [35m[ADB][39m Starting apksigner: 'C:\\OttoDigital\\Apps Katalon\\Katalon_Studio_Windows_64-8.6.0\\Katalon_Studio_Windows_64-8.6.0\\jre\\bin\\java.exe' -Xmx1024M -Xss1m -jar C:\\Users\\rachm\\AppData\\Local\\Android\\Sdk\\build-tools\\33.0.2\\lib\\apksigner.jar verify --print-certs C:\\Users\\rachm\\AppData\\Roaming\\npm\\node_modules\\appium\\node_modules\\appium-uiautomator2-server\\apks\\appium-uiautomator2-server-v4.27.0.apk
[debug] [35m[ADB][39m apksigner stdout: Signer #1 certificate DN: EMAILADDRESS=android@android.com, CN=Android, OU=Android, O=Android, L=Mountain View, ST=California, C=US
[debug] [35m[ADB][39m Signer #1 certificate SHA-256 digest: a40da80a59d170caa950cf15c18c454d47a39b26989d8b640ecd745ba71bf5dc
[debug] [35m[ADB][39m Signer #1 certificate SHA-1 digest: 61ed377e85d386a8dfee6b864bd85b0bfaa5af81
[debug] [35m[ADB][39m Signer #1 certificate MD5 digest: e89b158e4bcf988ebd09eb83f5378e87
[debug] [35m[ADB][39m 
[debug] [35m[ADB][39m sha256 hash did match for 'appium-uiautomator2-server-v4.27.0.apk'
[35m[ADB][39m 'C:\Users\rachm\AppData\Roaming\npm\node_modules\appium\node_modules\appium-uiautomator2-server\apks\appium-uiautomator2-server-v4.27.0.apk' is signed with the default certificate
[debug] [35m[ADB][39m Getting install status for io.appium.uiautomator2.server.test
[debug] [35m[ADB][39m Running 'C:\Users\rachm\AppData\Local\Android\Sdk\platform-tools\adb.exe -P 5037 -s emulator-5554 shell dumpsys package io.appium.uiautomator2.server.test'
[debug] [35m[ADB][39m 'io.appium.uiautomator2.server.test' is installed
[debug] [35m[ADB][39m Checking app cert for C:\Users\rachm\AppData\Roaming\npm\node_modules\appium\node_modules\appium-uiautomator2-server\apks\appium-uiautomator2-server-debug-androidTest.apk
[debug] [35m[ADB][39m Starting apksigner: 'C:\\OttoDigital\\Apps Katalon\\Katalon_Studio_Windows_64-8.6.0\\Katalon_Studio_Windows_64-8.6.0\\jre\\bin\\java.exe' -Xmx1024M -Xss1m -jar C:\\Users\\rachm\\AppData\\Local\\Android\\Sdk\\build-tools\\33.0.2\\lib\\apksigner.jar verify --print-certs C:\\Users\\rachm\\AppData\\Roaming\\npm\\node_modules\\appium\\node_modules\\appium-uiautomator2-server\\apks\\appium-uiautomator2-server-debug-androidTest.apk
[debug] [35m[ADB][39m apksigner stdout: Signer #1 certificate DN: EMAILADDRESS=android@android.com, CN=Android, OU=Android, O=Android, L=Mountain View, ST=California, C=US
[debug] [35m[ADB][39m Signer #1 certificate SHA-256 digest: a40da80a59d170caa950cf15c18c454d47a39b26989d8b640ecd745ba71bf5dc
[debug] [35m[ADB][39m Signer #1 certificate SHA-1 digest: 61ed377e85d386a8dfee6b864bd85b0bfaa5af81
[debug] [35m[ADB][39m Signer #1 certificate MD5 digest: e89b158e4bcf988ebd09eb83f5378e87
[debug] [35m[ADB][39m 
[debug] [35m[ADB][39m sha256 hash did match for 'appium-uiautomator2-server-debug-androidTest.apk'
[35m[ADB][39m 'C:\Users\rachm\AppData\Roaming\npm\node_modules\appium\node_modules\appium-uiautomator2-server\apks\appium-uiautomator2-server-debug-androidTest.apk' is signed with the default certificate
[35m[UiAutomator2][39m Server packages are not going to be (re)installed
[debug] [35m[UiAutomator2][39m Waiting up to 30000ms for services to be available
[debug] [35m[ADB][39m Running 'C:\Users\rachm\AppData\Local\Android\Sdk\platform-tools\adb.exe -P 5037 -s emulator-5554 shell pm list instrumentation'
[debug] [35m[UiAutomator2][39m Instrumentation target 'io.appium.uiautomator2.server.test/androidx.test.runner.AndroidJUnitRunner' is available
[35m[ADB][39m Adding packages ["io.appium.settings","io.appium.uiautomator2.server","io.appium.uiautomator2.server.test"] to Doze whitelist
[debug] [35m[ADB][39m Got the following command chunks to execute: [["dumpsys","deviceidle","whitelist","+io.appium.settings",";","dumpsys","deviceidle","whitelist","+io.appium.uiautomator2.server",";","dumpsys","deviceidle","whitelist","+io.appium.uiautomator2.server.test",";"]]
[debug] [35m[ADB][39m Running 'C:\Users\rachm\AppData\Local\Android\Sdk\platform-tools\adb.exe -P 5037 -s emulator-5554 shell dumpsys deviceidle whitelist +io.appium.settings ; dumpsys deviceidle whitelist +io.appium.uiautomator2.server ; dumpsys deviceidle whitelist +io.appium.uiautomator2.server.test ;'
[debug] [35m[UiAutomator2][39m No app capability. Assuming it is already on the device
[debug] [35m[ADB][39m Getting install status for com.android.settings
[debug] [35m[ADB][39m Running 'C:\Users\rachm\AppData\Local\Android\Sdk\platform-tools\adb.exe -P 5037 -s emulator-5554 shell dumpsys package com.android.settings'
[debug] [35m[ADB][39m 'com.android.settings' is installed
[debug] [35m[ADB][39m Running 'C:\Users\rachm\AppData\Local\Android\Sdk\platform-tools\adb.exe -P 5037 -s emulator-5554 shell am force-stop com.android.settings'
[debug] [35m[ADB][39m Running 'C:\Users\rachm\AppData\Local\Android\Sdk\platform-tools\adb.exe -P 5037 -s emulator-5554 shell pm clear com.android.settings'
[debug] [35m[ADB][39m Running 'C:\Users\rachm\AppData\Local\Android\Sdk\platform-tools\adb.exe -P 5037 -s emulator-5554 shell dumpsys package com.android.settings'
[debug] [35m[ADB][39m Retrieving requested permissions
[debug] [35m[ADB][39m Retrieved 263 permissions from requested group
[debug] [35m[ADB][39m Retrieving granted permissions
[debug] [35m[ADB][39m Retrieved 164 permissions from install,runtime groups
[debug] [35m[ADB][39m Granting permissions ["android.launcher.permission.READ_SETTINGS","android.launcher.permission.WRITE_SETTINGS","android.wildlife.permission.VPN_APP_EXCLUSION_LAUNCH","android.wildlife.permission.ADVANCED_VPN_CONFIG"] to 'com.android.settings'
[debug] [35m[ADB][39m Got the following command chunks to execute: [["pm","grant","com.android.settings","android.launcher.permission.READ_SETTINGS",";","pm","grant","com.android.settings","android.launcher.permission.WRITE_SETTINGS",";","pm","grant","com.android.settings","android.wildlife.permission.VPN_APP_EXCLUSION_LAUNCH",";","pm","grant","com.android.settings","android.wildlife.permission.ADVANCED_VPN_CONFIG",";"]]
[debug] [35m[ADB][39m Running 'C:\Users\rachm\AppData\Local\Android\Sdk\platform-tools\adb.exe -P 5037 -s emulator-5554 shell pm grant com.android.settings android.launcher.permission.READ_SETTINGS ; pm grant com.android.settings android.launcher.permission.WRITE_SETTINGS ; pm grant com.android.settings android.wildlife.permission.VPN_APP_EXCLUSION_LAUNCH ; pm grant com.android.settings android.wildlife.permission.ADVANCED_VPN_CONFIG ;'
[debug] [35m[AndroidDriver][39m Performed fast reset on the installed 'com.android.settings' application (stop and clear)
[debug] [35m[UiAutomator2][39m Performing shallow cleanup of automation leftovers
[debug] [35m[UiAutomator2][39m The following obsolete sessions are still running: ["ebbc1f4f-9ce1-435a-aba6-aae25a02465f"]
[debug] [35m[UiAutomator2][39m Cleaning up 1 obsolete session
[debug] [35m[ADB][39m Running 'C:\Users\rachm\AppData\Local\Android\Sdk\platform-tools\adb.exe -P 5037 -s emulator-5554 shell am force-stop io.appium.uiautomator2.server.test'
[35m[UiAutomator2][39m Starting UIAutomator2 server 4.27.0
[35m[UiAutomator2][39m Using UIAutomator2 server from 'C:\Users\rachm\AppData\Roaming\npm\node_modules\appium\node_modules\appium-uiautomator2-server\apks\appium-uiautomator2-server-v4.27.0.apk' and test from 'C:\Users\rachm\AppData\Roaming\npm\node_modules\appium\node_modules\appium-uiautomator2-server\apks\appium-uiautomator2-server-debug-androidTest.apk'
[35m[UiAutomator2][39m Waiting up to 30000ms for UiAutomator2 to be online...
[debug] [35m[ADB][39m Creating ADB subprocess with args: ["-P",5037,"-s","emulator-5554","shell","am","instrument","-w","-e","disableAnalytics",true,"io.appium.uiautomator2.server.test/androidx.test.runner.AndroidJUnitRunner"]
[debug] [35m[WD Proxy][39m Matched '/status' to command name 'getStatus'
[debug] [35m[WD Proxy][39m Proxying [GET /status] to [GET http://127.0.0.1:8272/wd/hub/status] with no body
[35m[WD Proxy][39m socket hang up
[debug] [35m[Instrumentation][39m io.appium.uiautomator2.server.test.AppiumUiAutomator2Server:
[debug] [35m[WD Proxy][39m Matched '/status' to command name 'getStatus'
[debug] [35m[WD Proxy][39m Proxying [GET /status] to [GET http://127.0.0.1:8272/wd/hub/status] with no body
[35m[WD Proxy][39m socket hang up
[debug] [35m[WD Proxy][39m Matched '/status' to command name 'getStatus'
[debug] [35m[WD Proxy][39m Proxying [GET /status] to [GET http://127.0.0.1:8272/wd/hub/status] with no body
[debug] [35m[WD Proxy][39m Got response with status 200: {"sessionId":"None","value":{"message":"UiAutomator2 Server is ready to accept commands","ready":true}}
[debug] [35m[UiAutomator2][39m The initialization of the instrumentation process took 2113ms
[debug] [35m[WD Proxy][39m Matched '/session' to command name 'createSession'
[debug] [35m[WD Proxy][39m Proxying [POST /session] to [POST http://127.0.0.1:8272/wd/hub/session] with body: {"capabilities":{"firstMatch":[{"platform":"ANDROID","webStorageEnabled":false,"takesScreenshot":true,"javascriptEnabled":true,"databaseEnabled":false,"networkConnectionEnabled":true,"locationContextEnabled":false,"warnings":{},"desired":{"platformName":"android","platform":"ANDROID","chromedriverPort":51374,"appActivity":".Settings","appPackage":"com.android.settings","autoGrantPermissions":true,"automationName":"uiautomator2","deviceName":"emulator-5554 (sdk_gphone_x86_64 - Android 13)","newCommandTimeout":1800,"platformVersion":"13","systemPort":8272,"udid":"emulator-5554"},"platformName":"android","chromedriverPort":51374,"appActivity":".Settings","appPackage":"com.android.settings","autoGrantPermissions":true,"automationName":"uiautomator2","deviceName":"emulator-5554","newCommandTimeout":1800,"platformVersion":"13","systemPort":8272,"udid":"emulator-5554","deviceUDID":"emulator-5554"}],"alwaysMatch":{}}}
[debug] [35m[WD Proxy][39m Got response with status 200: {"sessionId":"6389242b-f562-4b54-a981-857c5a45ba0e","value":{"capabilities":{"firstMatch":[{"platform":"ANDROID","webStorageEnabled":false,"takesScreenshot":true,"javascriptEnabled":true,"databaseEnabled":false,"networkConnectionEnabled":true,"locationContextEnabled":false,"warnings":{},"desired":{"platformName":"android","platform":"ANDROID","chromedriverPort":51374,"appActivity":".Settings","appPackage":"com.android.settings","autoGrantPermissions":true,"automationName":"uiautomator2","deviceName":"emulator-5554 (sdk_gphone_x86_64 - Android 13)","newCommandTimeout":1800,"platformVersion":"13","systemPort":8272,"udid":"emulator-5554"},"platformName":"android","chromedriverPort":51374,"appActivity":".Settings","appPackage":"com.android.settings","autoGrantPermissions":true,"automationName":"uiautomator2","deviceName":"emulator-5554","newCommandTimeout":1800,"platformVersion":"13","systemPort":8272,"udid":"emulator-5554","deviceUDID":"emulator-5554"}],"alwaysMatch":{}},"sessionId":"6389242b-f562-4b54-a981-8...
[35m[WD Proxy][39m Determined the downstream protocol as 'W3C'
[debug] [35m[WD Proxy][39m Proxying [GET /appium/device/info] to [GET http://127.0.0.1:8272/wd/hub/session/6389242b-f562-4b54-a981-857c5a45ba0e/appium/device/info] with no body
[debug] [35m[WD Proxy][39m Got response with status 200: {"sessionId":"6389242b-f562-4b54-a981-857c5a45ba0e","value":{"androidId":"bc2ae40413ce0bc1","apiVersion":"33","bluetooth":{"state":"ON"},"brand":"google","carrierName":"T-Mobile","displayDensity":440,"locale":"en_US","manufacturer":"Google","model":"sdk_gphone_x86_64","networks":[{"capabilities":{"SSID":null,"linkDownBandwidthKbps":30000,"linkUpstreamBandwidthKbps":12000,"networkCapabilities":"NET_CAPABILITY_NOT_METERED,NET_CAPABILITY_INTERNET,NET_CAPABILITY_NOT_RESTRICTED,NET_CAPABILITY_TRUSTED,NET_CAPABILITY_NOT_VPN,NET_CAPABILITY_VALIDATED,NET_CAPABILITY_NOT_ROAMING,NET_CAPABILITY_FOREGROUND,NET_CAPABILITY_NOT_CONGESTED,NET_CAPABILITY_NOT_SUSPENDED","signalStrength":-50,"transportTypes":"TRANSPORT_WIFI"},"detailedState":"CONNECTED","extraInfo":"","isAvailable":true,"isConnected":true,"isFailover":false,"isRoaming":false,"state":"CONNECTED","subtype":-1,"subtypeName":"","type":1,"typeName":"WIFI"},{"capabilities":{"SSID":null,"linkDownBandwidthKbps":4300,"linkUpstreamBandwidthKbps":1800,"networkCapabilit...
[debug] [35m[ADB][39m Running 'C:\Users\rachm\AppData\Local\Android\Sdk\platform-tools\adb.exe -P 5037 -s emulator-5554 shell dumpsys window'
[35m[AndroidDriver][39m Screen already unlocked, doing nothing
[35m[UiAutomator2][39m Starting 'com.android.settings/.Settings and waiting for 'com.android.settings/.Settings'
[debug] [35m[ADB][39m Running 'C:\Users\rachm\AppData\Local\Android\Sdk\platform-tools\adb.exe -P 5037 -s emulator-5554 shell am start -W -n com.android.settings/.Settings -S -a android.intent.action.MAIN -c android.intent.category.LAUNCHER -f 0x10200000'
[debug] [35m[WD Proxy][39m Proxying [GET /appium/device/pixel_ratio] to [GET http://127.0.0.1:8272/wd/hub/session/6389242b-f562-4b54-a981-857c5a45ba0e/appium/device/pixel_ratio] with no body
[debug] [35m[WD Proxy][39m Got response with status 200: {"sessionId":"6389242b-f562-4b54-a981-857c5a45ba0e","value":2.75}
[debug] [35m[WD Proxy][39m Matched '/appium/device/system_bars' to command name 'getSystemBars'
[debug] [35m[WD Proxy][39m Proxying [GET /appium/device/system_bars] to [GET http://127.0.0.1:8272/wd/hub/session/6389242b-f562-4b54-a981-857c5a45ba0e/appium/device/system_bars] with no body
[debug] [35m[WD Proxy][39m Got response with status 200: {"sessionId":"6389242b-f562-4b54-a981-857c5a45ba0e","value":{"statusBar":66}}
[debug] [35m[WD Proxy][39m Matched '/window/current/size' to command name 'getWindowSize'
[debug] [35m[WD Proxy][39m Proxying [GET /window/current/size] to [GET http://127.0.0.1:8272/wd/hub/session/6389242b-f562-4b54-a981-857c5a45ba0e/window/current/size] with no body
[debug] [35m[WD Proxy][39m Got response with status 200: {"sessionId":"6389242b-f562-4b54-a981-857c5a45ba0e","value":{"height":2154,"width":1080}}
[35m[Appium][39m New AndroidUiautomator2Driver session created successfully, session 4be1c57e-b7e6-45f4-a925-ff45a726869d added to master session list
[debug] [35m[BaseDriver][39m Event 'newSessionStarted' logged at 1689044457608 (10:00:57 GMT+0700 (Western Indonesia Time))
[debug] [35m[W3C (4be1c57e)][39m Cached the protocol value 'W3C' for the new session 4be1c57e-b7e6-45f4-a925-ff45a726869d
[debug] [35m[W3C (4be1c57e)][39m Responding to client with driver.createSession() result: {"capabilities":{"platform":"ANDROID","webStorageEnabled":false,"takesScreenshot":true,"javascriptEnabled":true,"databaseEnabled":false,"networkConnectionEnabled":true,"locationContextEnabled":false,"warnings":{},"desired":{"platformName":"android","platform":"ANDROID","chromedriverPort":51374,"appActivity":".Settings","appPackage":"com.android.settings","autoGrantPermissions":true,"automationName":"uiautomator2","deviceName":"emulator-5554 (sdk_gphone_x86_64 - Android 13)","newCommandTimeout":1800,"platformVersion":"13","systemPort":8272,"udid":"emulator-5554"},"platformName":"android","chromedriverPort":51374,"appActivity":".Settings","appPackage":"com.android.settings","autoGrantPermissions":true,"automationName":"uiautomator2","deviceName":"emulator-5554","newCommandTimeout":1800,"platformVersion":"13","systemPort":8272,"udid":"emulator-5554","deviceUDID":"emulator-5554","deviceApiLevel":33,"deviceScreenSize":"1080x2220","deviceScreenDensity":440,"deviceModel":"sdk_gphone_x86_64","deviceManufacturer":"...
[35m[HTTP][39m [37m<-- POST /wd/hub/session [39m[32m200[39m [90m6821 ms - 1190[39m
[35m[HTTP][39m [90m[39m
[35m[HTTP][39m [37m-->[39m [37mGET[39m [37m/wd/hub/session/4be1c57e-b7e6-45f4-a925-ff45a726869d[39m
[35m[HTTP][39m [90m{}[39m
[debug] [35m[W3C (4be1c57e)][39m Calling AppiumDriver.getSession() with args: ["4be1c57e-b7e6-45f4-a925-ff45a726869d"]
[debug] [35m[UiAutomator2][39m Getting session details from server to mix in
[debug] [35m[WD Proxy][39m Matched '/' to command name 'getSession'
[debug] [35m[WD Proxy][39m Proxying [GET /] to [GET http://127.0.0.1:8272/wd/hub/session/6389242b-f562-4b54-a981-857c5a45ba0e] with no body
[debug] [35m[WD Proxy][39m Got response with status 200: {"sessionId":"6389242b-f562-4b54-a981-857c5a45ba0e","value":{"lastScrollData":null}}
[debug] [35m[W3C (4be1c57e)][39m Responding to client with driver.getSession() result: {"platform":"ANDROID","webStorageEnabled":false,"takesScreenshot":true,"javascriptEnabled":true,"databaseEnabled":false,"networkConnectionEnabled":true,"locationContextEnabled":false,"warnings":{},"desired":{"platformName":"android","platform":"ANDROID","chromedriverPort":51374,"appActivity":".Settings","appPackage":"com.android.settings","autoGrantPermissions":true,"automationName":"uiautomator2","deviceName":"emulator-5554 (sdk_gphone_x86_64 - Android 13)","newCommandTimeout":1800,"platformVersion":"13","systemPort":8272,"udid":"emulator-5554"},"platformName":"android","chromedriverPort":51374,"appActivity":".Settings","appPackage":"com.android.settings","autoGrantPermissions":true,"automationName":"uiautomator2","deviceName":"emulator-5554","newCommandTimeout":1800,"platformVersion":"13","systemPort":8272,"udid":"emulator-5554","deviceUDID":"emulator-5554","deviceApiLevel":33,"deviceScreenSize":"1080x2220","deviceScreenDensity":440,"deviceModel":"sdk_gphone_x86_64","deviceManufacturer":"Google","pixelRa...
[35m[HTTP][39m [37m<-- GET /wd/hub/session/4be1c57e-b7e6-45f4-a925-ff45a726869d [39m[32m200[39m [90m10 ms - 1144[39m
[35m[HTTP][39m [90m[39m
[35m[HTTP][39m [37m-->[39m [37mGET[39m [37m/wd/hub/session/4be1c57e-b7e6-45f4-a925-ff45a726869d[39m
[35m[HTTP][39m [90m{}[39m
[debug] [35m[W3C (4be1c57e)][39m Calling AppiumDriver.getSession() with args: ["4be1c57e-b7e6-45f4-a925-ff45a726869d"]
[debug] [35m[UiAutomator2][39m Getting session details from server to mix in
[debug] [35m[WD Proxy][39m Matched '/' to command name 'getSession'
[debug] [35m[WD Proxy][39m Proxying [GET /] to [GET http://127.0.0.1:8272/wd/hub/session/6389242b-f562-4b54-a981-857c5a45ba0e] with no body
[debug] [35m[WD Proxy][39m Got response with status 200: {"sessionId":"6389242b-f562-4b54-a981-857c5a45ba0e","value":{"lastScrollData":null}}
[debug] [35m[W3C (4be1c57e)][39m Responding to client with driver.getSession() result: {"platform":"ANDROID","webStorageEnabled":false,"takesScreenshot":true,"javascriptEnabled":true,"databaseEnabled":false,"networkConnectionEnabled":true,"locationContextEnabled":false,"warnings":{},"desired":{"platformName":"android","platform":"ANDROID","chromedriverPort":51374,"appActivity":".Settings","appPackage":"com.android.settings","autoGrantPermissions":true,"automationName":"uiautomator2","deviceName":"emulator-5554 (sdk_gphone_x86_64 - Android 13)","newCommandTimeout":1800,"platformVersion":"13","systemPort":8272,"udid":"emulator-5554"},"platformName":"android","chromedriverPort":51374,"appActivity":".Settings","appPackage":"com.android.settings","autoGrantPermissions":true,"automationName":"uiautomator2","deviceName":"emulator-5554","newCommandTimeout":1800,"platformVersion":"13","systemPort":8272,"udid":"emulator-5554","deviceUDID":"emulator-5554","deviceApiLevel":33,"deviceScreenSize":"1080x2220","deviceScreenDensity":440,"deviceModel":"sdk_gphone_x86_64","deviceManufacturer":"Google","pixelRa...
[35m[HTTP][39m [37m<-- GET /wd/hub/session/4be1c57e-b7e6-45f4-a925-ff45a726869d [39m[32m200[39m [90m11 ms - 1144[39m
[35m[HTTP][39m [90m[39m
[35m[HTTP][39m [37m-->[39m [37mGET[39m [37m/wd/hub/status[39m
[35m[HTTP][39m [90m{}[39m
[debug] [35m[GENERIC][39m Calling AppiumDriver.getStatus() with args: []
[debug] [35m[GENERIC][39m Responding to client with driver.getStatus() result: {"build":{"version":"1.22.3"}}
[35m[HTTP][39m [37m<-- GET /wd/hub/status [39m[32m200[39m [90m1 ms - 68[39m
[35m[HTTP][39m [90m[39m
[35m[HTTP][39m [37m-->[39m [37mPOST[39m [37m/wd/hub/session/4be1c57e-b7e6-45f4-a925-ff45a726869d/timeouts[39m
[35m[HTTP][39m [90m{"implicit":60000}[39m
[debug] [35m[W3C (4be1c57e)][39m Calling AppiumDriver.timeouts() with args: [null,null,null,null,60000,"4be1c57e-b7e6-45f4-a925-ff45a726869d"]
[debug] [35m[BaseDriver][39m W3C timeout argument: {"implicit":60000}}
[debug] [35m[BaseDriver][39m Set implicit wait to 60000ms
[debug] [35m[W3C (4be1c57e)][39m Responding to client with driver.timeouts() result: null
[35m[HTTP][39m [37m<-- POST /wd/hub/session/4be1c57e-b7e6-45f4-a925-ff45a726869d/timeouts [39m[32m200[39m [90m3 ms - 14[39m
[35m[HTTP][39m [90m[39m
[35m[HTTP][39m [37m-->[39m [37mGET[39m [37m/wd/hub/session/4be1c57e-b7e6-45f4-a925-ff45a726869d/screenshot[39m
[35m[HTTP][39m [90m{}[39m
[debug] [35m[W3C (4be1c57e)][39m Calling AppiumDriver.getScreenshot() with args: ["4be1c57e-b7e6-45f4-a925-ff45a726869d"]
[debug] [35m[WD Proxy][39m Matched '/screenshot' to command name 'getScreenshot'
[debug] [35m[WD Proxy][39m Proxying [GET /screenshot] to [GET http://127.0.0.1:8272/wd/hub/session/6389242b-f562-4b54-a981-857c5a45ba0e/screenshot] with no body
[debug] [35m[WD Proxy][39m Got response with status 200: {"sessionId":"6389242b-f562-4b54-a981-857c5a45ba0e","value":"iVBORw0KGgoAAAANSUhEUgAABDgAAAisCAYAAACtR1KuAAAAAXNSR0IArs4c6QAAAARzQklUCAgI\nCHwIZIgAACAASURBVHic7N15nBzlfe/771PV2+wCLUhIiF2RhBFIGIPZiQiLDTbY5LzuwTkBB3Di\ne7P45GY9DnFI7jl27MQh2ImXLAbbsbHNYmNjzCLAZjEgsRgQEqAFrQhpNFpmenqpque5f1R1z4w0\n0iyanlFJn7ctRt3qrqeqBYj6zu/5/czOnd1OAAAAAAAAKeZN9AkAAAAAAAAcKAIOAAAAAACQegQc\nAAAAAAAg9Qg4AAAAAABA6hFwAAAAAACA1CPgAAAAAAAAqUfAAQAAAAAAUo+AAwAAAAAApB4BBwAA\nAAAASD0CDgAAAAAAkHoEHAAAAAAAIPUIOAAAAAAAQOplJvoEgJpPfeoPJ/oUhnTbbbdP9CnIOafO\nzk498cTjWrlyhbq6ugZ9ne/7Ouqo6TrjjDN01llnq7m5WcaYcT7bsWOtVaVSVhRZZbNZ5fP5Ab/u\nnFO1WlUURcpms8pmsxN0pgAAAAAmAgEHkBJBEOiee36gF154QWEYyjm339eHYahNmzZq06aN+vGP\n71eh0KQrrrhCF1xw4Tid8dix1qqrq0vLli3Vrl27dOKJJ+n0009XJhP/K8w5p2KxqFdffUVbt27V\n8ccfrzlzfk2FQmGCzxwAAADAeCHgAA5y1lp9/etf0xtvrBwy1NgX55xKpV7dd9+9uu++e/WP//hP\n8rz07FArlUp68slf6Oc/f0KStHLlCh155JE64YQTJEnValWvvfaqfvjD+1SpVPTCC+26+uprtGjR\nGRN52gAAAAe1UqlXmze/o927d6lYLKq3t1fNzc1qaWlRe3uHjj56hpqamif6NMdcV1eXjjzyyHFZ\n67nnntOOHTv2+5rLL798XM7l...
[debug] [35m[W3C (4be1c57e)][39m Responding to client with driver.getScreenshot() result: "iVBORw0KGgoAAAANSUhEUgAABDgAAAisCAYAAACtR1KuAAAAAXNSR0IArs4c6QAAAARzQklUCAgI\nCHwIZIgAACAASURBVHic7N15nBzlfe/771PV2+wCLUhIiF2RhBFIGIPZiQiLDTbY5LzuwTkBB3Di\ne7P45GY9DnFI7jl27MQh2ImXLAbbsbHNYmNjzCLAZjEgsRgQEqAFrQhpNFpmenqpque5f1R1z4w0\n0iyanlFJn7ctRt3qrqeqBYj6zu/5/czOnd1OAAAAAAAAKeZN9AkAAAAAAAAcKAIOAAAAAACQegQc\nAAAAAAAg9Qg4AAAAAABA6hFwAAAAAACA1CPgAAAAAAAAqUfAAQAAAAAAUo+AAwAAAAAApB4BBwAA\nAAAASD0CDgAAAAAAkHoEHAAAAAAAIPUIOAAAAAAAQOplJvoEgJpPfeoPJ/oUhnTbbbdP9CnIOafO\nzk498cTjWrlyhbq6ugZ9ne/7Ouqo6TrjjDN01llnq7m5WcaYcT7bsWOtVaVSVhRZZbNZ5fP5Ab/u\nnFO1WlUURcpms8pmsxN0pgAAAAAmAgEHkBJBEOiee36gF154QWEYyjm339eHYahNmzZq06aN+vGP\n71eh0KQrrrhCF1xw4Tid8dix1qqrq0vLli3Vrl27dOKJJ+n0009XJhP/K8w5p2KxqFdffUVbt27V\n8ccfrzlzfk2FQmGCzxwAAADAeCHgAA5y1lp9/etf0xtvrBwy1NgX55xKpV7dd9+9uu++e/WP//hP\n8rz07FArlUp68slf6Oc/f0KStHLlCh155JE64YQTJEnValWvvfaqfvjD+1SpVPTCC+26+uprtGjR\nGRN52gAAAAe1UqlXmze/o927d6lYLKq3t1fNzc1qaWlRe3uHjj56hpqamif6NMdcV1eXjjzyyHFZ\n67nnntOOHTv2+5rLL798XM7lcJAJgmCizwGQFN/IH+zG+5+XNWtW6ytf+dcx/2yeeeZpnXXW2WN6\nzEYqFo...
[35m[HTTP][39m [37m<-- GET /wd/hub/session/4be1c57e-b7e6-45f4-a925-ff45a726869d/screenshot [39m[32m200[39m [90m323 ms - 130154[39m
[35m[HTTP][39m [90m[39m
[35m[HTTP][39m [37m-->[39m [37mGET[39m [37m/wd/hub/session/4be1c57e-b7e6-45f4-a925-ff45a726869d/window/rect[39m
[35m[HTTP][39m [90m{}[39m
[debug] [35m[W3C (4be1c57e)][39m Calling AppiumDriver.getWindowRect() with args: ["4be1c57e-b7e6-45f4-a925-ff45a726869d"]
[debug] [35m[WD Proxy][39m Matched '/window/current/size' to command name 'getWindowSize'
[debug] [35m[WD Proxy][39m Proxying [GET /window/current/size] to [GET http://127.0.0.1:8272/wd/hub/session/6389242b-f562-4b54-a981-857c5a45ba0e/window/current/size] with no body
[debug] [35m[WD Proxy][39m Got response with status 200: {"sessionId":"6389242b-f562-4b54-a981-857c5a45ba0e","value":{"height":2154,"width":1080}}
[debug] [35m[W3C (4be1c57e)][39m Responding to client with driver.getWindowRect() result: {"width":1080,"height":2154,"x":0,"y":0}
[35m[HTTP][39m [37m<-- GET /wd/hub/session/4be1c57e-b7e6-45f4-a925-ff45a726869d/window/rect [39m[32m200[39m [90m15 ms - 50[39m
[35m[HTTP][39m [90m[39m
[35m[HTTP][39m [37m-->[39m [37mGET[39m [37m/wd/hub/session/4be1c57e-b7e6-45f4-a925-ff45a726869d/appium/device/system_bars[39m
[35m[HTTP][39m [90m{}[39m
[debug] [35m[W3C (4be1c57e)][39m Calling AppiumDriver.getSystemBars() with args: ["4be1c57e-b7e6-45f4-a925-ff45a726869d"]
[debug] [35m[ADB][39m Running 'C:\Users\rachm\AppData\Local\Android\Sdk\platform-tools\adb.exe -P 5037 -s emulator-5554 shell dumpsys window windows'
[debug] [35m[W3C (4be1c57e)][39m Responding to client with driver.getSystemBars() result: {"statusBar":{"visible":true,"x":0,"y":0,"width":null,"height":1},"navigationBar":{"visible":true,"x":0,"y":0,"width":null,"height":1}}
[35m[HTTP][39m [37m<-- GET /wd/hub/session/4be1c57e-b7e6-45f4-a925-ff45a726869d/appium/device/system_bars [39m[32m200[39m [90m55 ms - 145[39m
[35m[HTTP][39m [90m[39m
[35m[HTTP][39m [37m-->[39m [37mPOST[39m [37m/wd/hub/session/4be1c57e-b7e6-45f4-a925-ff45a726869d/appium/device/activate_app[39m
[35m[HTTP][39m [90m{"bundleId":"id.co.superindo.mysuperindo.staging"}[39m
[debug] [35m[W3C (4be1c57e)][39m Calling AppiumDriver.activateApp() with args: ["id.co.superindo.mysuperindo.staging",null,null,null,"4be1c57e-b7e6-45f4-a925-ff45a726869d"]
[debug] [35m[AndroidDriver][39m Activating 'id.co.superindo.mysuperindo.staging' with 'adb shell monkey -p id.co.superindo.mysuperindo.staging -c android.intent.category.LAUNCHER 1' command
[debug] [35m[ADB][39m Running 'C:\Users\rachm\AppData\Local\Android\Sdk\platform-tools\adb.exe -P 5037 -s emulator-5554 shell monkey -p id.co.superindo.mysuperindo.staging -c android.intent.category.LAUNCHER 1'
[debug] [35m[AndroidDriver][39m Command stdout: bash arg: -p
[debug] [35m[AndroidDriver][39m   bash arg: id.co.superindo.mysuperindo.staging
[debug] [35m[AndroidDriver][39m   bash arg: -c
[debug] [35m[AndroidDriver][39m   bash arg: android.intent.category.LAUNCHER
[debug] [35m[AndroidDriver][39m   bash arg: 1
[debug] [35m[AndroidDriver][39m Events injected: 1
[debug] [35m[AndroidDriver][39m ## Network stats: elapsed time=39ms (0ms mobile, 0ms wifi, 39ms not connected)
[debug] [35m[W3C (4be1c57e)][39m Responding to client with driver.activateApp() result: null
[35m[HTTP][39m [37m<-- POST /wd/hub/session/4be1c57e-b7e6-45f4-a925-ff45a726869d/appium/device/activate_app [39m[32m200[39m [90m333 ms - 14[39m
[35m[HTTP][39m [90m[39m
[35m[HTTP][39m [37m-->[39m [37mGET[39m [37m/wd/hub/session/4be1c57e-b7e6-45f4-a925-ff45a726869d/source[39m
[35m[HTTP][39m [90m{}[39m
[35m[W3C (4be1c57e)][39m Driver proxy active, passing request on via HTTP proxy
[debug] [35m[WD Proxy][39m Matched '/wd/hub/session/4be1c57e-b7e6-45f4-a925-ff45a726869d/source' to command name 'getPageSource'
[debug] [35m[WD Proxy][39m Proxying [GET /wd/hub/session/4be1c57e-b7e6-45f4-a925-ff45a726869d/source] to [GET http://127.0.0.1:8272/wd/hub/session/6389242b-f562-4b54-a981-857c5a45ba0e/source] with no body
[debug] [35m[WD Proxy][39m Got response with status 200: {"sessionId":"6389242b-f562-4b54-a981-857c5a45ba0e","value":"<?xml version='1.0' encoding='UTF-8' standalone='yes' ?>\r\n<hierarchy index=\"0\" class=\"hierarchy\" rotation=\"0\" width=\"1080\" height=\"2154\">\r\n  <android.widget.FrameLayout index=\"0\" package=\"id.co.superindo.mysuperindo.staging\" class=\"android.widget.FrameLayout\" text=\"\" checkable=\"false\" checked=\"false\" clickable=\"false\" enabled=\"true\" focusable=\"false\" focused=\"false\" long-clickable=\"false\" password=\"false\" scrollable=\"false\" selected=\"false\" bounds=\"[0,0][1080,2154]\" displayed=\"true\">\r\n    <android.widget.LinearLayout index=\"0\" package=\"id.co.superindo.mysuperindo.staging\" class=\"android.widget.LinearLayout\" text=\"\" checkable=\"false\" checked=\"false\" clickable=\"false\" enabled=\"true\" focusable=\"false\" focused=\"false\" long-clickable=\"false\" password=\"false\" scrollable=\"false\" selected=\"false\" bounds=\"[0,0][1080,2154]\" displayed=\"true\">\r\n      <android.widget.FrameLayout...
[35m[WD Proxy][39m Replacing sessionId 6389242b-f562-4b54-a981-857c5a45ba0e with 4be1c57e-b7e6-45f4-a925-ff45a726869d
[35m[HTTP][39m [37m<-- GET /wd/hub/session/4be1c57e-b7e6-45f4-a925-ff45a726869d/source [39m[32m200[39m [90m849 ms - 24818[39m
[35m[HTTP][39m [90m[39m
[35m[HTTP][39m [37m-->[39m [37mGET[39m [37m/wd/hub/session/4be1c57e-b7e6-45f4-a925-ff45a726869d/screenshot[39m
[35m[HTTP][39m [90m{}[39m
[debug] [35m[W3C (4be1c57e)][39m Calling AppiumDriver.getScreenshot() with args: ["4be1c57e-b7e6-45f4-a925-ff45a726869d"]
[debug] [35m[WD Proxy][39m Matched '/screenshot' to command name 'getScreenshot'
[debug] [35m[WD Proxy][39m Proxying [GET /screenshot] to [GET http://127.0.0.1:8272/wd/hub/session/6389242b-f562-4b54-a981-857c5a45ba0e/screenshot] with no body
[debug] [35m[WD Proxy][39m Got response with status 200: {"sessionId":"6389242b-f562-4b54-a981-857c5a45ba0e","value":"iVBORw0KGgoAAAANSUhEUgAABDgAAAisCAYAAACtR1KuAAAAAXNSR0IArs4c6QAAAARzQklUCAgI\nCHwIZIgAACAASURBVHic7N13dBRV/wbwZ2b7pvcACRB6771LRxEpUkQRBanS7YIvIigIWBAFBVEB\nC6/yUxFUFBGQV6WD9F4CJJDes31+f0QWlt0km7AlmzyfczgnO+Xe72xCYJ69c6/wQ0QVCURERERE\nREREPkz0dgFERERERERERPeKAQcRERERERER+TwGHERERERERETk8xhwEBEREREREZHPY8BBRERE\nRERERD6PAQcRERERERER+TwGHERERERERETk8xhwEBEREREREZHPY8BBRERERERERD6PAQcRERER\nERER+TwGHERERERERETk8xhwEBEREREREZHPk3u7AKJbHky65u0SirU5MsbbJQCCAL/q1VBz8gRE\ndOsKTWzMHbsESJIEAJBMZuScPYtrG7/D1Q1fw5CeDvy7zxcJMhnkAf4Q5QqY8vJgzsuz3S+KkGk0\nEJVKmPPzYdbpvFQpERERERF5g/BDRBXfveOhcoUBRxEEATKVCo0WLUDMkEEQlUpAEJw+XbJYYMrK\nxpklb+HSx5/6XNAhyGTQxsYgZugQqKKikLZnLxJ+2AKLwfDvAQJUYWGIvr8P/GrEIX3/QSTv2g1T\nTo53CyciIiIiIo9hwEFlBgMOxwSZDG2+WIuIbl0gCEKJgg07kgRJkvBjlThIZrPrinQzZWgoas+a\njhrjxwIA8q9dx6FJU5G2dx8AQO7nh8oDB6DR6/Mg02qhT0rGif/Mw/Vvv/dm2URERERlmiI4CAH1\n6kEdFQllWBgUwUEwZmTCkJoK3c0kZJ8+DWNGprfLdDltbCzyrl71SF+xI4bZjLh25OyStz1SS0XA\nR1SIyrCw9m3R/tuvIchkrmlQ...
[debug] [35m[W3C (4be1c57e)][39m Responding to client with driver.getScreenshot() result: "iVBORw0KGgoAAAANSUhEUgAABDgAAAisCAYAAACtR1KuAAAAAXNSR0IArs4c6QAAAARzQklUCAgI\nCHwIZIgAACAASURBVHic7N13dBRV/wbwZ2b7pvcACRB6771LRxEpUkQRBanS7YIvIigIWBAFBVEB\nC6/yUxFUFBGQV6WD9F4CJJDes31+f0QWlt0km7AlmzyfczgnO+Xe72xCYJ69c6/wQ0QVCURERERE\nREREPkz0dgFERERERERERPeKAQcRERERERER+TwGHERERERERETk8xhwEBEREREREZHPY8BBRERE\nRERERD6PAQcRERERERER+TwGHERERERERETk8xhwEBEREREREZHPY8BBRERERERERD6PAQcRERER\nERER+TwGHERERERERETk8xhwEBEREREREZHPk3u7AKJbHky65u0SirU5MsbbJQCCAL/q1VBz8gRE\ndOsKTWzMHbsESJIEAJBMZuScPYtrG7/D1Q1fw5CeDvy7zxcJMhnkAf4Q5QqY8vJgzsuz3S+KkGk0\nEJVKmPPzYdbpvFQpERERERF5g/BDRBXfveOhcoUBRxEEATKVCo0WLUDMkEEQlUpAEJw+XbJYYMrK\nxpklb+HSx5/6XNAhyGTQxsYgZugQqKKikLZnLxJ+2AKLwfDvAQJUYWGIvr8P/GrEIX3/QSTv2g1T\nTo53CyciIiIiIo9hwEFlBgMOxwSZDG2+WIuIbl0gCEKJgg07kgRJkvBjlThIZrPrinQzZWgoas+a\njhrjxwIA8q9dx6FJU5G2dx8AQO7nh8oDB6DR6/Mg02qhT0rGif/Mw/Vvv/dm2URERERlmiI4CAH1\n6kEdFQllWBgUwUEwZmTCkJoK3c0kZJ8+DWNGprfLdDltbCzyrl71SF+xI4bZjLh25OyStz1SS0XA\nR1SIyrCw9m3R/tuvIchkrmlQECAIAmIfGYb4z79yTZseINOoEdSwgfW1MjwMNSeNhy4hEWadDn41\nayBu/F...
[35m[HTTP][39m [37m<-- GET /wd/hub/session/4be1c57e-b7e6-45f4-a925-ff45a726869d/screenshot [39m[32m200[39m [90m485 ms - 1596218[39m
[35m[HTTP][39m [90m[39m
[35m[HTTP][39m [37m-->[39m [37mPOST[39m [37m/wd/hub/session/4be1c57e-b7e6-45f4-a925-ff45a726869d/elements[39m
[35m[HTTP][39m [90m{"using":"xpath","value":"//*[@class = 'android.widget.ImageView' and @resource-id = '' and (@text = '' or . = '')]"}[39m
[debug] [35m[W3C (4be1c57e)][39m Calling AppiumDriver.findElements() with args: ["xpath","//*[@class = 'android.widget.ImageView' and @resource-id = '' and (@text = '' or . = '')]","4be1c57e-b7e6-45f4-a925-ff45a726869d"]
[debug] [35m[BaseDriver][39m Valid locator strategies for this request: xpath, id, class name, accessibility id, css selector, -android uiautomator
[debug] [35m[BaseDriver][39m Waiting up to 60000 ms for condition
[debug] [35m[WD Proxy][39m Matched '/elements' to command name 'findElements'
[debug] [35m[WD Proxy][39m Proxying [POST /elements] to [POST http://127.0.0.1:8272/wd/hub/session/6389242b-f562-4b54-a981-857c5a45ba0e/elements] with body: {"strategy":"xpath","selector":"//*[@class = 'android.widget.ImageView' and @resource-id = '' and (@text = '' or . = '')]","context":"","multiple":true}
[debug] [35m[WD Proxy][39m Got response with status 200: {"sessionId":"6389242b-f562-4b54-a981-857c5a45ba0e","value":[{"ELEMENT":"00000000-0000-1db4-0000-00d100000004","element-6066-11e4-a52e-4f735466cecf":"00000000-0000-1db4-0000-00d100000004"},{"ELEMENT":"00000000-0000-1db4-0000-00d200000004","element-6066-11e4-a52e-4f735466cecf":"00000000-0000-1db4-0000-00d200000004"},{"ELEMENT":"00000000-0000-1db4-0000-00d500000004","element-6066-11e4-a52e-4f735466cecf":"00000000-0000-1db4-0000-00d500000004"},{"ELEMENT":"00000000-0000-1db4-0000-00b400000004","element-6066-11e4-a52e-4f735466cecf":"00000000-0000-1db4-0000-00b400000004"},{"ELEMENT":"00000000-0000-1db4-0000-00b900000004","element-6066-11e4-a52e-4f735466cecf":"00000000-0000-1db4-0000-00b900000004"},{"ELEMENT":"00000000-0000-1db4-0000-00bb00000004","element-6066-11e4-a52e-4f735466cecf":"00000000-0000-1db4-0000-00bb00000004"},{"ELEMENT":"00000000-0000-1db4-0000-00bd00000004","element-6066-11e4-a52e-4f735466cecf":"00000000-0000-1db4-0000-00bd00000004"},{"ELEMENT":"00000000-0000-1db4-0000-00c500000004","element-6066-...
[debug] [35m[W3C (4be1c57e)][39m Responding to client with driver.findElements() result: [{"element-6066-11e4-a52e-4f735466cecf":"00000000-0000-1db4-0000-00d100000004","ELEMENT":"00000000-0000-1db4-0000-00d100000004"},{"element-6066-11e4-a52e-4f735466cecf":"00000000-0000-1db4-0000-00d200000004","ELEMENT":"00000000-0000-1db4-0000-00d200000004"},{"element-6066-11e4-a52e-4f735466cecf":"00000000-0000-1db4-0000-00d500000004","ELEMENT":"00000000-0000-1db4-0000-00d500000004"},{"element-6066-11e4-a52e-4f735466cecf":"00000000-0000-1db4-0000-00b400000004","ELEMENT":"00000000-0000-1db4-0000-00b400000004"},{"element-6066-11e4-a52e-4f735466cecf":"00000000-0000-1db4-0000-00b900000004","ELEMENT":"00000000-0000-1db4-0000-00b900000004"},{"element-6066-11e4-a52e-4f735466cecf":"00000000-0000-1db4-0000-00bb00000004","ELEMENT":"00000000-0000-1db4-0000-00bb00000004"},{"element-6066-11e4-a52e-4f735466cecf":"00000000-0000-1db4-0000-00bd00000004","ELEMENT":"00000000-0000-1db4-0000-00bd00000004"},{"element-6066-11e4-a52e-4f735466cecf":"00000000-0000-1db4-0000-00c500000004","ELEMENT":"00000000-0000-1db4-0000-00c50000000...
[35m[HTTP][39m [37m<-- POST /wd/hub/session/4be1c57e-b7e6-45f4-a925-ff45a726869d/elements [39m[32m200[39m [90m260 ms - 1547[39m
[35m[HTTP][39m [90m[39m
[35m[HTTP][39m [37m-->[39m [37mPOST[39m [37m/wd/hub/session/4be1c57e-b7e6-45f4-a925-ff45a726869d/elements[39m
[35m[HTTP][39m [90m{"using":"-android uiautomator","value":"new UiSelector().className(\"android.widget.ImageView\").resourceId(\"\")"}[39m
[debug] [35m[W3C (4be1c57e)][39m Calling AppiumDriver.findElements() with args: ["-android uiautomator","new UiSelector().className(\"android.widget.ImageView\").resourceId(\"\")","4be1c57e-b7e6-45f4-a925-ff45a726869d"]
[debug] [35m[BaseDriver][39m Valid locator strategies for this request: xpath, id, class name, accessibility id, css selector, -android uiautomator
[debug] [35m[BaseDriver][39m Waiting up to 60000 ms for condition
[debug] [35m[WD Proxy][39m Matched '/elements' to command name 'findElements'
[debug] [35m[WD Proxy][39m Proxying [POST /elements] to [POST http://127.0.0.1:8272/wd/hub/session/6389242b-f562-4b54-a981-857c5a45ba0e/elements] with body: {"strategy":"-android uiautomator","selector":"new UiSelector().className(\"android.widget.ImageView\").resourceId(\"\")","context":"","multiple":true}
[debug] [35m[WD Proxy][39m Got response with status 200: {"sessionId":"6389242b-f562-4b54-a981-857c5a45ba0e","value":[{"ELEMENT":"00000000-0000-1db4-0000-00d100000004","element-6066-11e4-a52e-4f735466cecf":"00000000-0000-1db4-0000-00d100000004"},{"ELEMENT":"00000000-0000-1db4-0000-00d200000004","element-6066-11e4-a52e-4f735466cecf":"00000000-0000-1db4-0000-00d200000004"},{"ELEMENT":"00000000-0000-1db4-0000-00d500000004","element-6066-11e4-a52e-4f735466cecf":"00000000-0000-1db4-0000-00d500000004"},{"ELEMENT":"00000000-0000-1db4-0000-00b400000004","element-6066-11e4-a52e-4f735466cecf":"00000000-0000-1db4-0000-00b400000004"},{"ELEMENT":"00000000-0000-1db4-0000-00b900000004","element-6066-11e4-a52e-4f735466cecf":"00000000-0000-1db4-0000-00b900000004"},{"ELEMENT":"00000000-0000-1db4-0000-00bb00000004","element-6066-11e4-a52e-4f735466cecf":"00000000-0000-1db4-0000-00bb00000004"},{"ELEMENT":"00000000-0000-1db4-0000-00bd00000004","element-6066-11e4-a52e-4f735466cecf":"00000000-0000-1db4-0000-00bd00000004"},{"ELEMENT":"00000000-0000-1db4-0000-00c500000004","element-6066-...
[debug] [35m[W3C (4be1c57e)][39m Responding to client with driver.findElements() result: [{"element-6066-11e4-a52e-4f735466cecf":"00000000-0000-1db4-0000-00d100000004","ELEMENT":"00000000-0000-1db4-0000-00d100000004"},{"element-6066-11e4-a52e-4f735466cecf":"00000000-0000-1db4-0000-00d200000004","ELEMENT":"00000000-0000-1db4-0000-00d200000004"},{"element-6066-11e4-a52e-4f735466cecf":"00000000-0000-1db4-0000-00d500000004","ELEMENT":"00000000-0000-1db4-0000-00d500000004"},{"element-6066-11e4-a52e-4f735466cecf":"00000000-0000-1db4-0000-00b400000004","ELEMENT":"00000000-0000-1db4-0000-00b400000004"},{"element-6066-11e4-a52e-4f735466cecf":"00000000-0000-1db4-0000-00b900000004","ELEMENT":"00000000-0000-1db4-0000-00b900000004"},{"element-6066-11e4-a52e-4f735466cecf":"00000000-0000-1db4-0000-00bb00000004","ELEMENT":"00000000-0000-1db4-0000-00bb00000004"},{"element-6066-11e4-a52e-4f735466cecf":"00000000-0000-1db4-0000-00bd00000004","ELEMENT":"00000000-0000-1db4-0000-00bd00000004"},{"element-6066-11e4-a52e-4f735466cecf":"00000000-0000-1db4-0000-00c500000004","ELEMENT":"00000000-0000-1db4-0000-00c50000000...
[35m[HTTP][39m [37m<-- POST /wd/hub/session/4be1c57e-b7e6-45f4-a925-ff45a726869d/elements [39m[32m200[39m [90m59 ms - 1547[39m
[35m[HTTP][39m [90m[39m
[35m[HTTP][39m [37m-->[39m [37mPOST[39m [37m/wd/hub/session/4be1c57e-b7e6-45f4-a925-ff45a726869d/elements[39m
[35m[HTTP][39m [90m{"using":"xpath","value":"//*[@class = 'android.view.View' and @resource-id = '' and (@text = '' or . = '')]"}[39m
[debug] [35m[W3C (4be1c57e)][39m Calling AppiumDriver.findElements() with args: ["xpath","//*[@class = 'android.view.View' and @resource-id = '' and (@text = '' or . = '')]","4be1c57e-b7e6-45f4-a925-ff45a726869d"]
[debug] [35m[BaseDriver][39m Valid locator strategies for this request: xpath, id, class name, accessibility id, css selector, -android uiautomator
[debug] [35m[BaseDriver][39m Waiting up to 60000 ms for condition
[debug] [35m[WD Proxy][39m Matched '/elements' to command name 'findElements'
[debug] [35m[WD Proxy][39m Proxying [POST /elements] to [POST http://127.0.0.1:8272/wd/hub/session/6389242b-f562-4b54-a981-857c5a45ba0e/elements] with body: {"strategy":"xpath","selector":"//*[@class = 'android.view.View' and @resource-id = '' and (@text = '' or . = '')]","context":"","multiple":true}
[debug] [35m[WD Proxy][39m Got response with status 200: {"sessionId":"6389242b-f562-4b54-a981-857c5a45ba0e","value":[{"ELEMENT":"00000000-0000-1db4-0000-000000000004","element-6066-11e4-a52e-4f735466cecf":"00000000-0000-1db4-0000-000000000004"},{"ELEMENT":"00000000-0000-1db4-0000-00a000000004","element-6066-11e4-a52e-4f735466cecf":"00000000-0000-1db4-0000-00a000000004"},{"ELEMENT":"00000000-0000-1db4-0000-00a100000004","element-6066-11e4-a52e-4f735466cecf":"00000000-0000-1db4-0000-00a100000004"},{"ELEMENT":"00000000-0000-1db4-0000-00a200000004","element-6066-11e4-a52e-4f735466cecf":"00000000-0000-1db4-0000-00a200000004"},{"ELEMENT":"00000000-0000-1db4-0000-00d000000004","element-6066-11e4-a52e-4f735466cecf":"00000000-0000-1db4-0000-00d000000004"},{"ELEMENT":"00000000-0000-1db4-0000-00d300000004","element-6066-11e4-a52e-4f735466cecf":"00000000-0000-1db4-0000-00d300000004"},{"ELEMENT":"00000000-0000-1db4-0000-00d400000004","element-6066-11e4-a52e-4f735466cecf":"00000000-0000-1db4-0000-00d400000004"},{"ELEMENT":"00000000-0000-1db4-0000-00d600000004","element-6066-...
[debug] [35m[W3C (4be1c57e)][39m Responding to client with driver.findElements() result: [{"element-6066-11e4-a52e-4f735466cecf":"00000000-0000-1db4-0000-000000000004","ELEMENT":"00000000-0000-1db4-0000-000000000004"},{"element-6066-11e4-a52e-4f735466cecf":"00000000-0000-1db4-0000-00a000000004","ELEMENT":"00000000-0000-1db4-0000-00a000000004"},{"element-6066-11e4-a52e-4f735466cecf":"00000000-0000-1db4-0000-00a100000004","ELEMENT":"00000000-0000-1db4-0000-00a100000004"},{"element-6066-11e4-a52e-4f735466cecf":"00000000-0000-1db4-0000-00a200000004","ELEMENT":"00000000-0000-1db4-0000-00a200000004"},{"element-6066-11e4-a52e-4f735466cecf":"00000000-0000-1db4-0000-00d000000004","ELEMENT":"00000000-0000-1db4-0000-00d000000004"},{"element-6066-11e4-a52e-4f735466cecf":"00000000-0000-1db4-0000-00d300000004","ELEMENT":"00000000-0000-1db4-0000-00d300000004"},{"element-6066-11e4-a52e-4f735466cecf":"00000000-0000-1db4-0000-00d400000004","ELEMENT":"00000000-0000-1db4-0000-00d400000004"},{"element-6066-11e4-a52e-4f735466cecf":"00000000-0000-1db4-0000-00d600000004","ELEMENT":"00000000-0000-1db4-0000-00d60000000...
[35m[HTTP][39m [37m<-- POST /wd/hub/session/4be1c57e-b7e6-45f4-a925-ff45a726869d/elements [39m[32m200[39m [90m66 ms - 4363[39m
[35m[HTTP][39m [90m[39m
[35m[HTTP][39m [37m-->[39m [37mPOST[39m [37m/wd/hub/session/4be1c57e-b7e6-45f4-a925-ff45a726869d/elements[39m
[35m[HTTP][39m [90m{"using":"accessibility id","value":"View All"}[39m
[debug] [35m[W3C (4be1c57e)][39m Calling AppiumDriver.findElements() with args: ["accessibility id","View All","4be1c57e-b7e6-45f4-a925-ff45a726869d"]
[debug] [35m[BaseDriver][39m Valid locator strategies for this request: xpath, id, class name, accessibility id, css selector, -android uiautomator
[debug] [35m[BaseDriver][39m Waiting up to 60000 ms for condition
[debug] [35m[WD Proxy][39m Matched '/elements' to command name 'findElements'
[debug] [35m[WD Proxy][39m Proxying [POST /elements] to [POST http://127.0.0.1:8272/wd/hub/session/6389242b-f562-4b54-a981-857c5a45ba0e/elements] with body: {"strategy":"accessibility id","selector":"View All","context":"","multiple":true}
[debug] [35m[WD Proxy][39m Got response with status 200: {"sessionId":"6389242b-f562-4b54-a981-857c5a45ba0e","value":[{"ELEMENT":"00000000-0000-1db4-0000-00b100000004","element-6066-11e4-a52e-4f735466cecf":"00000000-0000-1db4-0000-00b100000004"},{"ELEMENT":"00000000-0000-1db4-0000-00b600000004","element-6066-11e4-a52e-4f735466cecf":"00000000-0000-1db4-0000-00b600000004"},{"ELEMENT":"00000000-0000-1db4-0000-00c100000004","element-6066-11e4-a52e-4f735466cecf":"00000000-0000-1db4-0000-00c100000004"}]}
[debug] [35m[W3C (4be1c57e)][39m Responding to client with driver.findElements() result: [{"element-6066-11e4-a52e-4f735466cecf":"00000000-0000-1db4-0000-00b100000004","ELEMENT":"00000000-0000-1db4-0000-00b100000004"},{"element-6066-11e4-a52e-4f735466cecf":"00000000-0000-1db4-0000-00b600000004","ELEMENT":"00000000-0000-1db4-0000-00b600000004"},{"element-6066-11e4-a52e-4f735466cecf":"00000000-0000-1db4-0000-00c100000004","ELEMENT":"00000000-0000-1db4-0000-00c100000004"}]
[35m[HTTP][39m [37m<-- POST /wd/hub/session/4be1c57e-b7e6-45f4-a925-ff45a726869d/elements [39m[32m200[39m [90m20 ms - 395[39m
[35m[HTTP][39m [90m[39m
[35m[HTTP][39m [37m-->[39m [37mPOST[39m [37m/wd/hub/session/4be1c57e-b7e6-45f4-a925-ff45a726869d/elements[39m
[35m[HTTP][39m [90m{"using":"-android uiautomator","value":"new UiSelector().className(\"android.view.View\").resourceId(\"\")"}[39m
[debug] [35m[W3C (4be1c57e)][39m Calling AppiumDriver.findElements() with args: ["-android uiautomator","new UiSelector().className(\"android.view.View\").resourceId(\"\")","4be1c57e-b7e6-45f4-a925-ff45a726869d"]
[debug] [35m[BaseDriver][39m Valid locator strategies for this request: xpath, id, class name, accessibility id, css selector, -android uiautomator
[debug] [35m[BaseDriver][39m Waiting up to 60000 ms for condition
[debug] [35m[WD Proxy][39m Matched '/elements' to command name 'findElements'
[debug] [35m[WD Proxy][39m Proxying [POST /elements] to [POST http://127.0.0.1:8272/wd/hub/session/6389242b-f562-4b54-a981-857c5a45ba0e/elements] with body: {"strategy":"-android uiautomator","selector":"new UiSelector().className(\"android.view.View\").resourceId(\"\")","context":"","multiple":true}
[debug] [35m[WD Proxy][39m Got response with status 200: {"sessionId":"6389242b-f562-4b54-a981-857c5a45ba0e","value":[{"ELEMENT":"00000000-0000-1db4-0000-000000000004","element-6066-11e4-a52e-4f735466cecf":"00000000-0000-1db4-0000-000000000004"},{"ELEMENT":"00000000-0000-1db4-0000-00a000000004","element-6066-11e4-a52e-4f735466cecf":"00000000-0000-1db4-0000-00a000000004"},{"ELEMENT":"00000000-0000-1db4-0000-00a100000004","element-6066-11e4-a52e-4f735466cecf":"00000000-0000-1db4-0000-00a100000004"},{"ELEMENT":"00000000-0000-1db4-0000-00a200000004","element-6066-11e4-a52e-4f735466cecf":"00000000-0000-1db4-0000-00a200000004"},{"ELEMENT":"00000000-0000-1db4-0000-00d000000004","element-6066-11e4-a52e-4f735466cecf":"00000000-0000-1db4-0000-00d000000004"},{"ELEMENT":"00000000-0000-1db4-0000-00d300000004","element-6066-11e4-a52e-4f735466cecf":"00000000-0000-1db4-0000-00d300000004"},{"ELEMENT":"00000000-0000-1db4-0000-00d400000004","element-6066-11e4-a52e-4f735466cecf":"00000000-0000-1db4-0000-00d400000004"},{"ELEMENT":"00000000-0000-1db4-0000-00d600000004","element-6066-...
[debug] [35m[W3C (4be1c57e)][39m Responding to client with driver.findElements() result: [{"element-6066-11e4-a52e-4f735466cecf":"00000000-0000-1db4-0000-000000000004","ELEMENT":"00000000-0000-1db4-0000-000000000004"},{"element-6066-11e4-a52e-4f735466cecf":"00000000-0000-1db4-0000-00a000000004","ELEMENT":"00000000-0000-1db4-0000-00a000000004"},{"element-6066-11e4-a52e-4f735466cecf":"00000000-0000-1db4-0000-00a100000004","ELEMENT":"00000000-0000-1db4-0000-00a100000004"},{"element-6066-11e4-a52e-4f735466cecf":"00000000-0000-1db4-0000-00a200000004","ELEMENT":"00000000-0000-1db4-0000-00a200000004"},{"element-6066-11e4-a52e-4f735466cecf":"00000000-0000-1db4-0000-00d000000004","ELEMENT":"00000000-0000-1db4-0000-00d000000004"},{"element-6066-11e4-a52e-4f735466cecf":"00000000-0000-1db4-0000-00d300000004","ELEMENT":"00000000-0000-1db4-0000-00d300000004"},{"element-6066-11e4-a52e-4f735466cecf":"00000000-0000-1db4-0000-00d400000004","ELEMENT":"00000000-0000-1db4-0000-00d400000004"},{"element-6066-11e4-a52e-4f735466cecf":"00000000-0000-1db4-0000-00d600000004","ELEMENT":"00000000-0000-1db4-0000-00d60000000...
[35m[HTTP][39m [37m<-- POST /wd/hub/session/4be1c57e-b7e6-45f4-a925-ff45a726869d/elements [39m[32m200[39m [90m163 ms - 4363[39m
[35m[HTTP][39m [90m[39m
[35m[HTTP][39m [37m-->[39m [37mGET[39m [37m/wd/hub/session/4be1c57e-b7e6-45f4-a925-ff45a726869d/source[39m
[35m[HTTP][39m [90m{}[39m
[35m[W3C (4be1c57e)][39m Driver proxy active, passing request on via HTTP proxy
[debug] [35m[WD Proxy][39m Matched '/wd/hub/session/4be1c57e-b7e6-45f4-a925-ff45a726869d/source' to command name 'getPageSource'
[debug] [35m[WD Proxy][39m Proxying [GET /wd/hub/session/4be1c57e-b7e6-45f4-a925-ff45a726869d/source] to [GET http://127.0.0.1:8272/wd/hub/session/6389242b-f562-4b54-a981-857c5a45ba0e/source] with no body
[debug] [35m[WD Proxy][39m Got response with status 200: {"sessionId":"6389242b-f562-4b54-a981-857c5a45ba0e","value":"<?xml version='1.0' encoding='UTF-8' standalone='yes' ?>\r\n<hierarchy index=\"0\" class=\"hierarchy\" rotation=\"0\" width=\"1080\" height=\"2154\">\r\n  <android.widget.FrameLayout index=\"0\" package=\"id.co.superindo.mysuperindo.staging\" class=\"android.widget.FrameLayout\" text=\"\" checkable=\"false\" checked=\"false\" clickable=\"false\" enabled=\"true\" focusable=\"false\" focused=\"false\" long-clickable=\"false\" password=\"false\" scrollable=\"false\" selected=\"false\" bounds=\"[0,0][1080,2154]\" displayed=\"true\">\r\n    <android.widget.LinearLayout index=\"0\" package=\"id.co.superindo.mysuperindo.staging\" class=\"android.widget.LinearLayout\" text=\"\" checkable=\"false\" checked=\"false\" clickable=\"false\" enabled=\"true\" focusable=\"false\" focused=\"false\" long-clickable=\"false\" password=\"false\" scrollable=\"false\" selected=\"false\" bounds=\"[0,0][1080,2154]\" displayed=\"true\">\r\n      <android.widget.FrameLayout...
[35m[WD Proxy][39m Replacing sessionId 6389242b-f562-4b54-a981-857c5a45ba0e with 4be1c57e-b7e6-45f4-a925-ff45a726869d
[35m[HTTP][39m [37m<-- GET /wd/hub/session/4be1c57e-b7e6-45f4-a925-ff45a726869d/source [39m[32m200[39m [90m22 ms - 12937[39m
[35m[HTTP][39m [90m[39m
[35m[HTTP][39m [37m-->[39m [37mGET[39m [37m/wd/hub/session/4be1c57e-b7e6-45f4-a925-ff45a726869d/screenshot[39m
[35m[HTTP][39m [90m{}[39m
[debug] [35m[W3C (4be1c57e)][39m Calling AppiumDriver.getScreenshot() with args: ["4be1c57e-b7e6-45f4-a925-ff45a726869d"]
[debug] [35m[WD Proxy][39m Matched '/screenshot' to command name 'getScreenshot'
[debug] [35m[WD Proxy][39m Proxying [GET /screenshot] to [GET http://127.0.0.1:8272/wd/hub/session/6389242b-f562-4b54-a981-857c5a45ba0e/screenshot] with no body
[debug] [35m[WD Proxy][39m Got response with status 200: {"sessionId":"6389242b-f562-4b54-a981-857c5a45ba0e","value":"iVBORw0KGgoAAAANSUhEUgAABDgAAAisCAYAAACtR1KuAAAAAXNSR0IArs4c6QAAAARzQklUCAgI\nCHwIZIgAACAASURBVHic7N13eBTV/gbwd2a276Y3IKGE3ntHaQLCRZEOKogFELEg8AMFQRBQUBAL\nXFGa3eu1AxYQUZCrUqQIofdQAoT0tn1+f0QXlt0ku2FLyvt5Hp4nO+Wc70I2ZN45c46wPiZeBhER\nERERERFROSYGuwAiIiIiIiIiolvFgIOIiIiIiIiIyj0GHERERERERERU7jHgICIiIiIiIqJyjwEH\nEREREREREZV7DDiIiIiIiIiIqNxjwEFERERERERE5R4DDiIiIiIiIiIq9xhwEBEREREREVG5x4CD\niIiIiIiIiMo9BhxEREREREREVO4x4CAiIiIiIiKick8R7AKI/nH31QvBLqFEG2ITgl0CIAjQ16qJ\nOhMfRUz3btBWT7hhlwBZlgEAstWG3OPHceGLr3H+089gzsgA/t5XHgmSBEWIAaJCCWt+Pmz5+c77\nRRGSVgtRpYKtoAA2ozFIlRIRERERUTAI62Piy+8VD1UoDDiKIQiQ1Go0XbQACUMGQVSpAEHw+HTZ\nboc1OwfHFr+KM6vfLXdBhyBJ0FVPQMKwIVDHxSF9x05cWv8t7Gbz3wcIUEdFocq/7oS+diIydu9B\n6rbtsObmBrdwIiIiIiIKGAYcVGYw4HBPkCS0//h9xHTvCkEQvAo2XMgyZFnGd/GJkG023xXpZ6rI\nSNSbMgm1xz8CACi4cBF7H3sS6Tt3AQAUej2qDRyApi++AEmng+lqKg49/wIufvVNMMsmIiIiKtOU\n4WEIadgQmrhYqKKioAwPgyUzC+a0NBivXEXO0aOwZGYFu0yf01Wvjvzz5wPSV/WRw51GXLtzfPHS\ngNRSGfARFaIyLKpTB3T66jMI...
[debug] [35m[W3C (4be1c57e)][39m Responding to client with driver.getScreenshot() result: "iVBORw0KGgoAAAANSUhEUgAABDgAAAisCAYAAACtR1KuAAAAAXNSR0IArs4c6QAAAARzQklUCAgI\nCHwIZIgAACAASURBVHic7N13eBTV/gbwd2a276Y3IKGE3ntHaQLCRZEOKogFELEg8AMFQRBQUBAL\nXFGa3eu1AxYQUZCrUqQIofdQAoT0tn1+f0QXlt0ku2FLyvt5Hp4nO+Wc70I2ZN45c46wPiZeBhER\nERERERFROSYGuwAiIiIiIiIiolvFgIOIiIiIiIiIyj0GHERERERERERU7jHgICIiIiIiIqJyjwEH\nEREREREREZV7DDiIiIiIiIiIqNxjwEFERERERERE5R4DDiIiIiIiIiIq9xhwEBEREREREVG5x4CD\niIiIiIiIiMo9BhxEREREREREVO4x4CAiIiIiIiKick8R7AKI/nH31QvBLqFEG2ITgl0CIAjQ16qJ\nOhMfRUz3btBWT7hhlwBZlgEAstWG3OPHceGLr3H+089gzsgA/t5XHgmSBEWIAaJCCWt+Pmz5+c77\nRRGSVgtRpYKtoAA2ozFIlRIRERERUTAI62Piy+8VD1UoDDiKIQiQ1Go0XbQACUMGQVSpAEHw+HTZ\nboc1OwfHFr+KM6vfLXdBhyBJ0FVPQMKwIVDHxSF9x05cWv8t7Gbz3wcIUEdFocq/7oS+diIydu9B\n6rbtsObmBrdwIiIiIiIKGAYcVGYw4HBPkCS0//h9xHTvCkEQvAo2XMgyZFnGd/GJkG023xXpZ6rI\nSNSbMgm1xz8CACi4cBF7H3sS6Tt3AQAUej2qDRyApi++AEmng+lqKg49/wIufvVNMMsmIiIiKtOU\n4WEIadgQmrhYqKKioAwPgyUzC+a0NBivXEXO0aOwZGYFu0yf01Wvjvzz5wPSV/WRw51GXLtzfPHS\ngNRSGfARFaIyLKpTB3T66jMIkuSbBgUBgiCg+r3DkfzRf3zTZgBIWg3CmjR2vFZFR6HOY+NhvJQC\nm9EIfZ...
[35m[HTTP][39m [37m<-- GET /wd/hub/session/4be1c57e-b7e6-45f4-a925-ff45a726869d/screenshot [39m[32m200[39m [90m383 ms - 1218594[39m
[35m[HTTP][39m [90m[39m
[35m[HTTP][39m [37m-->[39m [37mPOST[39m [37m/wd/hub/session/4be1c57e-b7e6-45f4-a925-ff45a726869d/elements[39m
[35m[HTTP][39m [90m{"using":"xpath","value":"//*[@class = 'android.widget.ImageView' and @resource-id = '' and (@text = '' or . = '')]"}[39m
[debug] [35m[W3C (4be1c57e)][39m Calling AppiumDriver.findElements() with args: ["xpath","//*[@class = 'android.widget.ImageView' and @resource-id = '' and (@text = '' or . = '')]","4be1c57e-b7e6-45f4-a925-ff45a726869d"]
[debug] [35m[BaseDriver][39m Valid locator strategies for this request: xpath, id, class name, accessibility id, css selector, -android uiautomator
[debug] [35m[BaseDriver][39m Waiting up to 60000 ms for condition
[debug] [35m[WD Proxy][39m Matched '/elements' to command name 'findElements'
[debug] [35m[WD Proxy][39m Proxying [POST /elements] to [POST http://127.0.0.1:8272/wd/hub/session/6389242b-f562-4b54-a981-857c5a45ba0e/elements] with body: {"strategy":"xpath","selector":"//*[@class = 'android.widget.ImageView' and @resource-id = '' and (@text = '' or . = '')]","context":"","multiple":true}
[debug] [35m[WD Proxy][39m Got response with status 200: {"sessionId":"6389242b-f562-4b54-a981-857c5a45ba0e","value":[{"ELEMENT":"00000000-0000-1db4-0000-00e000000004","element-6066-11e4-a52e-4f735466cecf":"00000000-0000-1db4-0000-00e000000004"},{"ELEMENT":"00000000-0000-1db4-0000-00e100000004","element-6066-11e4-a52e-4f735466cecf":"00000000-0000-1db4-0000-00e100000004"},{"ELEMENT":"00000000-0000-1db4-0000-00e400000004","element-6066-11e4-a52e-4f735466cecf":"00000000-0000-1db4-0000-00e400000004"},{"ELEMENT":"00000000-0000-1db4-0000-00e600000004","element-6066-11e4-a52e-4f735466cecf":"00000000-0000-1db4-0000-00e600000004"},{"ELEMENT":"00000000-0000-1db4-0000-00e800000004","element-6066-11e4-a52e-4f735466cecf":"00000000-0000-1db4-0000-00e800000004"},{"ELEMENT":"00000000-0000-1db4-0000-00ea00000004","element-6066-11e4-a52e-4f735466cecf":"00000000-0000-1db4-0000-00ea00000004"},{"ELEMENT":"00000000-0000-1db4-0000-00ec00000004","element-6066-11e4-a52e-4f735466cecf":"00000000-0000-1db4-0000-00ec00000004"},{"ELEMENT":"00000000-0000-1db4-0000-00ee00000004","element-6066-...
[debug] [35m[W3C (4be1c57e)][39m Responding to client with driver.findElements() result: [{"element-6066-11e4-a52e-4f735466cecf":"00000000-0000-1db4-0000-00e000000004","ELEMENT":"00000000-0000-1db4-0000-00e000000004"},{"element-6066-11e4-a52e-4f735466cecf":"00000000-0000-1db4-0000-00e100000004","ELEMENT":"00000000-0000-1db4-0000-00e100000004"},{"element-6066-11e4-a52e-4f735466cecf":"00000000-0000-1db4-0000-00e400000004","ELEMENT":"00000000-0000-1db4-0000-00e400000004"},{"element-6066-11e4-a52e-4f735466cecf":"00000000-0000-1db4-0000-00e600000004","ELEMENT":"00000000-0000-1db4-0000-00e600000004"},{"element-6066-11e4-a52e-4f735466cecf":"00000000-0000-1db4-0000-00e800000004","ELEMENT":"00000000-0000-1db4-0000-00e800000004"},{"element-6066-11e4-a52e-4f735466cecf":"00000000-0000-1db4-0000-00ea00000004","ELEMENT":"00000000-0000-1db4-0000-00ea00000004"},{"element-6066-11e4-a52e-4f735466cecf":"00000000-0000-1db4-0000-00ec00000004","ELEMENT":"00000000-0000-1db4-0000-00ec00000004"},{"element-6066-11e4-a52e-4f735466cecf":"00000000-0000-1db4-0000-00ee00000004","ELEMENT":"00000000-0000-1db4-0000-00ee0000000...
[35m[HTTP][39m [37m<-- POST /wd/hub/session/4be1c57e-b7e6-45f4-a925-ff45a726869d/elements [39m[32m200[39m [90m35 ms - 1035[39m
[35m[HTTP][39m [90m[39m
[35m[HTTP][39m [37m-->[39m [37mPOST[39m [37m/wd/hub/session/4be1c57e-b7e6-45f4-a925-ff45a726869d/elements[39m
[35m[HTTP][39m [90m{"using":"-android uiautomator","value":"new UiSelector().className(\"android.widget.ImageView\").resourceId(\"\")"}[39m
[debug] [35m[W3C (4be1c57e)][39m Calling AppiumDriver.findElements() with args: ["-android uiautomator","new UiSelector().className(\"android.widget.ImageView\").resourceId(\"\")","4be1c57e-b7e6-45f4-a925-ff45a726869d"]
[debug] [35m[BaseDriver][39m Valid locator strategies for this request: xpath, id, class name, accessibility id, css selector, -android uiautomator
[debug] [35m[BaseDriver][39m Waiting up to 60000 ms for condition
[debug] [35m[WD Proxy][39m Matched '/elements' to command name 'findElements'
[debug] [35m[WD Proxy][39m Proxying [POST /elements] to [POST http://127.0.0.1:8272/wd/hub/session/6389242b-f562-4b54-a981-857c5a45ba0e/elements] with body: {"strategy":"-android uiautomator","selector":"new UiSelector().className(\"android.widget.ImageView\").resourceId(\"\")","context":"","multiple":true}
[debug] [35m[WD Proxy][39m Got response with status 200: {"sessionId":"6389242b-f562-4b54-a981-857c5a45ba0e","value":[{"ELEMENT":"00000000-0000-1db4-0000-00e000000004","element-6066-11e4-a52e-4f735466cecf":"00000000-0000-1db4-0000-00e000000004"},{"ELEMENT":"00000000-0000-1db4-0000-00e100000004","element-6066-11e4-a52e-4f735466cecf":"00000000-0000-1db4-0000-00e100000004"},{"ELEMENT":"00000000-0000-1db4-0000-00e400000004","element-6066-11e4-a52e-4f735466cecf":"00000000-0000-1db4-0000-00e400000004"},{"ELEMENT":"00000000-0000-1db4-0000-00e600000004","element-6066-11e4-a52e-4f735466cecf":"00000000-0000-1db4-0000-00e600000004"},{"ELEMENT":"00000000-0000-1db4-0000-00e800000004","element-6066-11e4-a52e-4f735466cecf":"00000000-0000-1db4-0000-00e800000004"},{"ELEMENT":"00000000-0000-1db4-0000-00ea00000004","element-6066-11e4-a52e-4f735466cecf":"00000000-0000-1db4-0000-00ea00000004"},{"ELEMENT":"00000000-0000-1db4-0000-00ec00000004","element-6066-11e4-a52e-4f735466cecf":"00000000-0000-1db4-0000-00ec00000004"},{"ELEMENT":"00000000-0000-1db4-0000-00ee00000004","element-6066-...
[debug] [35m[W3C (4be1c57e)][39m Responding to client with driver.findElements() result: [{"element-6066-11e4-a52e-4f735466cecf":"00000000-0000-1db4-0000-00e000000004","ELEMENT":"00000000-0000-1db4-0000-00e000000004"},{"element-6066-11e4-a52e-4f735466cecf":"00000000-0000-1db4-0000-00e100000004","ELEMENT":"00000000-0000-1db4-0000-00e100000004"},{"element-6066-11e4-a52e-4f735466cecf":"00000000-0000-1db4-0000-00e400000004","ELEMENT":"00000000-0000-1db4-0000-00e400000004"},{"element-6066-11e4-a52e-4f735466cecf":"00000000-0000-1db4-0000-00e600000004","ELEMENT":"00000000-0000-1db4-0000-00e600000004"},{"element-6066-11e4-a52e-4f735466cecf":"00000000-0000-1db4-0000-00e800000004","ELEMENT":"00000000-0000-1db4-0000-00e800000004"},{"element-6066-11e4-a52e-4f735466cecf":"00000000-0000-1db4-0000-00ea00000004","ELEMENT":"00000000-0000-1db4-0000-00ea00000004"},{"element-6066-11e4-a52e-4f735466cecf":"00000000-0000-1db4-0000-00ec00000004","ELEMENT":"00000000-0000-1db4-0000-00ec00000004"},{"element-6066-11e4-a52e-4f735466cecf":"00000000-0000-1db4-0000-00ee00000004","ELEMENT":"00000000-0000-1db4-0000-00ee0000000...
[35m[HTTP][39m [37m<-- POST /wd/hub/session/4be1c57e-b7e6-45f4-a925-ff45a726869d/elements [39m[32m200[39m [90m45 ms - 1035[39m
[35m[HTTP][39m [90m[39m
[35m[HTTP][39m [37m-->[39m [37mGET[39m [37m/wd/hub/session/4be1c57e-b7e6-45f4-a925-ff45a726869d/source[39m
[35m[HTTP][39m [90m{}[39m
[35m[W3C (4be1c57e)][39m Driver proxy active, passing request on via HTTP proxy
[debug] [35m[WD Proxy][39m Matched '/wd/hub/session/4be1c57e-b7e6-45f4-a925-ff45a726869d/source' to command name 'getPageSource'
[debug] [35m[WD Proxy][39m Proxying [GET /wd/hub/session/4be1c57e-b7e6-45f4-a925-ff45a726869d/source] to [GET http://127.0.0.1:8272/wd/hub/session/6389242b-f562-4b54-a981-857c5a45ba0e/source] with no body
[debug] [35m[WD Proxy][39m Got response with status 200: {"sessionId":"6389242b-f562-4b54-a981-857c5a45ba0e","value":"<?xml version='1.0' encoding='UTF-8' standalone='yes' ?>\r\n<hierarchy index=\"0\" class=\"hierarchy\" rotation=\"0\" width=\"1080\" height=\"2154\">\r\n  <android.widget.FrameLayout index=\"0\" package=\"id.co.superindo.mysuperindo.staging\" class=\"android.widget.FrameLayout\" text=\"\" checkable=\"false\" checked=\"false\" clickable=\"false\" enabled=\"true\" focusable=\"false\" focused=\"false\" long-clickable=\"false\" password=\"false\" scrollable=\"false\" selected=\"false\" bounds=\"[0,0][1080,2154]\" displayed=\"true\">\r\n    <android.widget.LinearLayout index=\"0\" package=\"id.co.superindo.mysuperindo.staging\" class=\"android.widget.LinearLayout\" text=\"\" checkable=\"false\" checked=\"false\" clickable=\"false\" enabled=\"true\" focusable=\"false\" focused=\"false\" long-clickable=\"false\" password=\"false\" scrollable=\"false\" selected=\"false\" bounds=\"[0,0][1080,2154]\" displayed=\"true\">\r\n      <android.widget.FrameLayout...
[35m[WD Proxy][39m Replacing sessionId 6389242b-f562-4b54-a981-857c5a45ba0e with 4be1c57e-b7e6-45f4-a925-ff45a726869d
[35m[HTTP][39m [37m<-- GET /wd/hub/session/4be1c57e-b7e6-45f4-a925-ff45a726869d/source [39m[32m200[39m [90m16 ms - 7638[39m
[35m[HTTP][39m [90m[39m
[35m[HTTP][39m [37m-->[39m [37mGET[39m [37m/wd/hub/session/4be1c57e-b7e6-45f4-a925-ff45a726869d/screenshot[39m
[35m[HTTP][39m [90m{}[39m
[debug] [35m[W3C (4be1c57e)][39m Calling AppiumDriver.getScreenshot() with args: ["4be1c57e-b7e6-45f4-a925-ff45a726869d"]
[debug] [35m[WD Proxy][39m Matched '/screenshot' to command name 'getScreenshot'
[debug] [35m[WD Proxy][39m Proxying [GET /screenshot] to [GET http://127.0.0.1:8272/wd/hub/session/6389242b-f562-4b54-a981-857c5a45ba0e/screenshot] with no body
[debug] [35m[WD Proxy][39m Got response with status 200: {"sessionId":"6389242b-f562-4b54-a981-857c5a45ba0e","value":"iVBORw0KGgoAAAANSUhEUgAABDgAAAisCAYAAACtR1KuAAAAAXNSR0IArs4c6QAAAARzQklUCAgI\nCHwIZIgAACAASURBVHic7N13dFTV2gbw55wzNTPpFZIAIaF3pIrSBIRPRTpYEBEFRBQBK8JFBQUE\nseAFpYr92gH1ooiAXJUiRYr0DgmQ3qef74/IkGEmySSZkvL81mKtzCl7vwMhcJ7ZRVgfGSuDiIiI\niIiIiKgaE/1dABERERERERFRZTHgICIiIiIiIqJqjwEHEREREREREVV7DDiIiIiIiIiIqNpjwEFE\nRERERERE1R4DDiIiIiIiIiKq9hhwEBEREREREVG1x4CDiIiIiIiIiKo9BhxEREREREREVO0x4CAi\nIiIiIiKiao8BBxERERERERFVeww4iIiIiIiIiKjaU/i7AKJr7rp60d8llGlDVJy/SwAEAboG9ZE4\naQIie/aANj6u2CkBsiwDAGSLFXnHj+Pil9/gwmefw5SZCfxzrjoSJAmKQD1EhRKWggJYCwocz4si\nJK0WokoFa2EhrAaDnyolIiIiIiJ/ENZHxlbfJx6qURhwlEIQIKnVaDl/LuKGDoaoUgGC4Pbtss0G\nS04uji18HWdWrql2QYcgSQiIj0Pc8KFQR0cjY8dOJK//DjaT6Z8LBKjDwxHzf7dD1zABmbv3IHXb\ndljy8vxbOBERERER+QwDDqoyGHC4JkgSOn28FpE9u0MQhHIFG05kGbIs4/vYBMhWq+eK9DJVWBga\nTZuChuPHAQAKL17C3kcfR8bOXQAAhU6HuoMGouUrL0EKCIDxaioO/+slXPr6W3+WTURERFSlKUOC\nEdi0KTTRUVCFh0MZEgxzVjZM6ekwXLmK3KNHYc7K9neZHhcQH4+CCxd80lf8qBEOI65dOb5wsU9q\nqQ04RYWoCgvv2hldv/4cgiR5...
[debug] [35m[W3C (4be1c57e)][39m Responding to client with driver.getScreenshot() result: "iVBORw0KGgoAAAANSUhEUgAABDgAAAisCAYAAACtR1KuAAAAAXNSR0IArs4c6QAAAARzQklUCAgI\nCHwIZIgAACAASURBVHic7N13dFTV2gbw55wzNTPpFZIAIaF3pIrSBIRPRTpYEBEFRBQBK8JFBQUE\nseAFpYr92gH1ooiAXJUiRYr0DgmQ3qef74/IkGEmySSZkvL81mKtzCl7vwMhcJ7ZRVgfGSuDiIiI\niIiIiKgaE/1dABERERERERFRZTHgICIiIiIiIqJqjwEHEREREREREVV7DDiIiIiIiIiIqNpjwEFE\nRERERERE1R4DDiIiIiIiIiKq9hhwEBEREREREVG1x4CDiIiIiIiIiKo9BhxEREREREREVO0x4CAi\nIiIiIiKiao8BBxERERERERFVeww4iIiIiIiIiKjaU/i7AKJr7rp60d8llGlDVJy/SwAEAboG9ZE4\naQIie/aANj6u2CkBsiwDAGSLFXnHj+Pil9/gwmefw5SZCfxzrjoSJAmKQD1EhRKWggJYCwocz4si\nJK0WokoFa2EhrAaDnyolIiIiIiJ/ENZHxlbfJx6qURhwlEIQIKnVaDl/LuKGDoaoUgGC4Pbtss0G\nS04uji18HWdWrql2QYcgSQiIj0Pc8KFQR0cjY8dOJK//DjaT6Z8LBKjDwxHzf7dD1zABmbv3IHXb\ndljy8vxbOBERERER+QwDDqoyGHC4JkgSOn28FpE9u0MQhHIFG05kGbIs4/vYBMhWq+eK9DJVWBga\nTZuChuPHAQAKL17C3kcfR8bOXQAAhU6HuoMGouUrL0EKCIDxaioO/+slXPr6W3+WTURERFSlKUOC\nEdi0KTTRUVCFh0MZEgxzVjZM6ekwXLmK3KNHYc7K9neZHhcQH4+CCxd80lf8qBEOI65dOb5wsU9q\nqQ04RYWoCgvv2hldv/4cgiR5pkFBgCAIiL9nBM5/9Kln2vQBSatBcIvm9teqiHAkPjoehuQUWA0G\n6BIbIm...
[35m[HTTP][39m [37m<-- GET /wd/hub/session/4be1c57e-b7e6-45f4-a925-ff45a726869d/screenshot [39m[32m200[39m [90m690 ms - 3156218[39m
[35m[HTTP][39m [90m[39m
[35m[HTTP][39m [37m-->[39m [37mPOST[39m [37m/wd/hub/session/4be1c57e-b7e6-45f4-a925-ff45a726869d/elements[39m
[35m[HTTP][39m [90m{"using":"xpath","value":"//*[@class = 'android.widget.Button' and @resource-id = '' and (@text = '' or . = '')]"}[39m
[debug] [35m[W3C (4be1c57e)][39m Calling AppiumDriver.findElements() with args: ["xpath","//*[@class = 'android.widget.Button' and @resource-id = '' and (@text = '' or . = '')]","4be1c57e-b7e6-45f4-a925-ff45a726869d"]
[debug] [35m[BaseDriver][39m Valid locator strategies for this request: xpath, id, class name, accessibility id, css selector, -android uiautomator
[debug] [35m[BaseDriver][39m Waiting up to 60000 ms for condition
[debug] [35m[WD Proxy][39m Matched '/elements' to command name 'findElements'
[debug] [35m[WD Proxy][39m Proxying [POST /elements] to [POST http://127.0.0.1:8272/wd/hub/session/6389242b-f562-4b54-a981-857c5a45ba0e/elements] with body: {"strategy":"xpath","selector":"//*[@class = 'android.widget.Button' and @resource-id = '' and (@text = '' or . = '')]","context":"","multiple":true}
[debug] [35m[WD Proxy][39m Got response with status 200: {"sessionId":"6389242b-f562-4b54-a981-857c5a45ba0e","value":[{"ELEMENT":"00000000-0000-1db4-0000-00f400000004","element-6066-11e4-a52e-4f735466cecf":"00000000-0000-1db4-0000-00f400000004"}]}
[debug] [35m[W3C (4be1c57e)][39m Responding to client with driver.findElements() result: [{"element-6066-11e4-a52e-4f735466cecf":"00000000-0000-1db4-0000-00f400000004","ELEMENT":"00000000-0000-1db4-0000-00f400000004"}]
[35m[HTTP][39m [37m<-- POST /wd/hub/session/4be1c57e-b7e6-45f4-a925-ff45a726869d/elements [39m[32m200[39m [90m31 ms - 139[39m
[35m[HTTP][39m [90m[39m
[35m[HTTP][39m [37m-->[39m [37mDELETE[39m [37m/wd/hub/session/4be1c57e-b7e6-45f4-a925-ff45a726869d[39m
[35m[HTTP][39m [90m{}[39m
[debug] [35m[W3C (4be1c57e)][39m Calling AppiumDriver.deleteSession() with args: ["4be1c57e-b7e6-45f4-a925-ff45a726869d"]
[debug] [35m[BaseDriver][39m Event 'quitSessionRequested' logged at 1689044652505 (10:04:12 GMT+0700 (Western Indonesia Time))
[35m[Appium][39m Removing session 4be1c57e-b7e6-45f4-a925-ff45a726869d from our master session list
[debug] [35m[UiAutomator2][39m Deleting UiAutomator2 session
[debug] [35m[UiAutomator2][39m Deleting UiAutomator2 server session
[debug] [35m[WD Proxy][39m Matched '/' to command name 'deleteSession'
[debug] [35m[WD Proxy][39m Proxying [DELETE /] to [DELETE http://127.0.0.1:8272/wd/hub/session/6389242b-f562-4b54-a981-857c5a45ba0e] with no body
[debug] [35m[WD Proxy][39m Got response with status 200: {"sessionId":"6389242b-f562-4b54-a981-857c5a45ba0e","value":null}
[debug] [35m[ADB][39m Running 'C:\Users\rachm\AppData\Local\Android\Sdk\platform-tools\adb.exe -P 5037 -s emulator-5554 shell am force-stop com.android.settings'
[debug] [35m[Logcat][39m Stopping logcat capture
[debug] [35m[ADB][39m Removing forwarded port socket connection: 8272 
[debug] [35m[ADB][39m Running 'C:\Users\rachm\AppData\Local\Android\Sdk\platform-tools\adb.exe -P 5037 -s emulator-5554 forward --remove tcp:8272'
[35m[UiAutomator2][39m Restoring hidden api policy to the device default configuration
[debug] [35m[ADB][39m Running 'C:\Users\rachm\AppData\Local\Android\Sdk\platform-tools\adb.exe -P 5037 -s emulator-5554 shell 'settings delete global hidden_api_policy_pre_p_apps;settings delete global hidden_api_policy_p_apps;settings delete global hidden_api_policy''
[debug] [35m[BaseDriver][39m Event 'quitSessionFinished' logged at 1689044652659 (10:04:12 GMT+0700 (Western Indonesia Time))
[debug] [35m[W3C (4be1c57e)][39m Received response: null
[debug] [35m[W3C (4be1c57e)][39m But deleting session, so not returning
[debug] [35m[W3C (4be1c57e)][39m Responding to client with driver.deleteSession() result: null
[35m[HTTP][39m [37m<-- DELETE /wd/hub/session/4be1c57e-b7e6-45f4-a925-ff45a726869d [39m[32m200[39m [90m156 ms - 14[39m
[35m[HTTP][39m [90m[39m
